2015-06-08 16:15:32 INFO  ReaderMain:13 - **********************LOADER APPLICATION STARTED*********************
2015-06-08 16:15:32 INFO  ReaderMain:15 - Start time : 1433760332512 
2015-06-08 16:15:32 INFO  ClassPathXmlApplicationContext:500 - Refreshing org.springframework.context.support.ClassPathXmlApplicationContext@e66db21: startup date [Mon Jun 08 16:15:32 IST 2015]; root of context hierarchy
2015-06-08 16:15:32 INFO  XmlBeanDefinitionReader:315 - Loading XML bean definitions from class path resource [META-INF/spring/launch-context.xml]
2015-06-08 16:15:32 INFO  XmlBeanDefinitionReader:315 - Loading XML bean definitions from class path resource [META-INF/spring/batch-gemfire-reader-context.xml]
2015-06-08 16:15:33 INFO  DefaultListableBeanFactory:647 - Overriding bean definition for bean 'gemfireDataReader': replacing [Generic bean: class [org.springframework.batch.core.configuration.xml.SimpleFlowFactoryBean]; scope=; abstract=false; lazyInit=false; autowireMode=0; dependencyCheck=0; autowireCandidate=true; primary=false; factoryBeanName=null; factoryMethodName=null; initMethodName=null; destroyMethodName=null] with [Generic bean: class [org.springframework.batch.core.configuration.xml.JobParserJobFactoryBean]; scope=; abstract=false; lazyInit=false; autowireMode=0; dependencyCheck=0; autowireCandidate=true; primary=false; factoryBeanName=null; factoryMethodName=null; initMethodName=null; destroyMethodName=null]
2015-06-08 16:15:33 INFO  XmlBeanDefinitionReader:315 - Loading XML bean definitions from class path resource [META-INF/spring/client-cache-config.xml]
2015-06-08 16:15:33 INFO  PropertyPlaceholderConfigurer:177 - Loading properties file from class path resource [gemfire-config.properties]
2015-06-08 16:15:33 INFO  PropertyPlaceholderConfigurer:177 - Loading properties file from class path resource [app-config.properties]
2015-06-08 16:15:33 INFO  DefaultListableBeanFactory:433 - Destroying singletons in org.springframework.beans.factory.support.DefaultListableBeanFactory@2767522b: defining beans [org.springframework.beans.factory.config.PropertyPlaceholderConfigurer#0,org.springframework.batch.core.scope.internalStepScope,org.springframework.beans.factory.config.CustomEditorConfigurer,org.springframework.batch.core.configuration.xml.CoreNamespacePostProcessor,step1,gemfireDataReader,gemfireIndexWriter,jobRepository,jobLauncherWriter,gemfireReaderJobLauncher,customerRepository,org.springframework.data.repository.core.support.RepositoryInterfaceAwareBeanPostProcessor#0,customerTemplate,gemfireCache,Customer,gemfirePool,org.springframework.context.annotation.internalConfigurationAnnotationProcessor,org.springframework.context.annotation.internalAutowiredAnnotationProcessor,org.springframework.context.annotation.internalRequiredAnnotationProcessor,org.springframework.context.annotation.internalCommonAnnotationProcessor,dataSource,transactionManager,org.springframework.context.annotation.ConfigurationClassPostProcessor$ImportAwareBeanPostProcessor#0]; root of factory hierarchy
2015-06-08 16:19:36 INFO  ReaderMain:13 - **********************LOADER APPLICATION STARTED*********************
2015-06-08 16:19:36 INFO  ReaderMain:15 - Start time : 1433760576542 
2015-06-08 16:19:36 INFO  ClassPathXmlApplicationContext:500 - Refreshing org.springframework.context.support.ClassPathXmlApplicationContext@51ba0fda: startup date [Mon Jun 08 16:19:36 IST 2015]; root of context hierarchy
2015-06-08 16:19:36 INFO  XmlBeanDefinitionReader:315 - Loading XML bean definitions from class path resource [META-INF/spring/launch-context.xml]
2015-06-08 16:19:36 INFO  XmlBeanDefinitionReader:315 - Loading XML bean definitions from class path resource [META-INF/spring/batch-gemfire-reader-context.xml]
2015-06-08 16:19:37 INFO  DefaultListableBeanFactory:647 - Overriding bean definition for bean 'gemfireDataReader': replacing [Generic bean: class [org.springframework.batch.core.configuration.xml.SimpleFlowFactoryBean]; scope=; abstract=false; lazyInit=false; autowireMode=0; dependencyCheck=0; autowireCandidate=true; primary=false; factoryBeanName=null; factoryMethodName=null; initMethodName=null; destroyMethodName=null] with [Generic bean: class [org.springframework.batch.core.configuration.xml.JobParserJobFactoryBean]; scope=; abstract=false; lazyInit=false; autowireMode=0; dependencyCheck=0; autowireCandidate=true; primary=false; factoryBeanName=null; factoryMethodName=null; initMethodName=null; destroyMethodName=null]
2015-06-08 16:19:37 INFO  XmlBeanDefinitionReader:315 - Loading XML bean definitions from class path resource [META-INF/spring/client-cache-config.xml]
2015-06-08 16:19:37 INFO  PropertyPlaceholderConfigurer:177 - Loading properties file from class path resource [gemfire-config.properties]
2015-06-08 16:19:37 INFO  PropertyPlaceholderConfigurer:177 - Loading properties file from class path resource [app-config.properties]
2015-06-08 16:19:37 INFO  DefaultListableBeanFactory:581 - Pre-instantiating singletons in org.springframework.beans.factory.support.DefaultListableBeanFactory@65ef6939: defining beans [org.springframework.beans.factory.config.PropertyPlaceholderConfigurer#0,org.springframework.batch.core.scope.internalStepScope,org.springframework.beans.factory.config.CustomEditorConfigurer,org.springframework.batch.core.configuration.xml.CoreNamespacePostProcessor,step1,gemfireDataReader,gemfireIndexWriter,jobRepository,jobLauncherWriter,gemfireReaderJobLauncher,customerRepository,org.springframework.data.repository.core.support.RepositoryInterfaceAwareBeanPostProcessor#0,customerTemplate,gemfireCache,Customer,gemfirePool,org.springframework.context.annotation.internalConfigurationAnnotationProcessor,org.springframework.context.annotation.internalAutowiredAnnotationProcessor,org.springframework.context.annotation.internalRequiredAnnotationProcessor,org.springframework.context.annotation.internalCommonAnnotationProcessor,dataSource,transactionManager,org.springframework.context.annotation.ConfigurationClassPostProcessor$ImportAwareBeanPostProcessor#0]; root of factory hierarchy
2015-06-08 16:19:38 INFO  ClientCacheFactoryBean:319 - Connected to Distributed System [=INTGMUNINVL1C(:loner):55570:223acad2@INTGMUNINVL1C.corp.emc.com]
2015-06-08 16:19:38 INFO  ClientCacheFactoryBean:322 - Created GemFire v.7.0 Cache []
2015-06-08 16:19:38 INFO  ClientRegionFactoryBean:186 - Created new cache region [Customer]
2015-06-08 16:19:38 INFO  DriverManagerDataSource:153 - Loaded JDBC driver: com.mysql.jdbc.Driver
2015-06-08 16:19:39 INFO  SimpleJobLauncher:179 - No TaskExecutor has been set, defaulting to synchronous executor.
2015-06-08 16:19:39 INFO  SimpleJobLauncher:118 - Job: [FlowJob: [name=gemfireDataReader]] launched with the following parameters: [{time=1433760579065}]
2015-06-08 16:19:39 INFO  SimpleStepHandler:133 - Executing step: [step1]
2015-06-08 16:19:40 INFO  SimpleJobLauncher:121 - Job: [FlowJob: [name=gemfireDataReader]] completed with the following parameters: [{time=1433760579065}] and the following status: [COMPLETED]
2015-06-08 16:19:40 INFO  ReaderMain:23 - End time : 1433760580146 
2015-06-08 16:19:40 INFO  ReaderMain:24 - TIME TAKEN FOR DATA LOADER = 3 
2015-06-08 16:20:12 INFO  ReaderMain:13 - ********************** INDEX APPLICATION STARTED *********************
2015-06-08 16:20:12 INFO  ReaderMain:15 - Start time : 1433760612283 
2015-06-08 16:20:12 INFO  ClassPathXmlApplicationContext:500 - Refreshing org.springframework.context.support.ClassPathXmlApplicationContext@e66db21: startup date [Mon Jun 08 16:20:12 IST 2015]; root of context hierarchy
2015-06-08 16:20:12 INFO  XmlBeanDefinitionReader:315 - Loading XML bean definitions from class path resource [META-INF/spring/launch-context.xml]
2015-06-08 16:20:12 INFO  XmlBeanDefinitionReader:315 - Loading XML bean definitions from class path resource [META-INF/spring/batch-gemfire-reader-context.xml]
2015-06-08 16:20:12 INFO  DefaultListableBeanFactory:647 - Overriding bean definition for bean 'gemfireDataReader': replacing [Generic bean: class [org.springframework.batch.core.configuration.xml.SimpleFlowFactoryBean]; scope=; abstract=false; lazyInit=false; autowireMode=0; dependencyCheck=0; autowireCandidate=true; primary=false; factoryBeanName=null; factoryMethodName=null; initMethodName=null; destroyMethodName=null] with [Generic bean: class [org.springframework.batch.core.configuration.xml.JobParserJobFactoryBean]; scope=; abstract=false; lazyInit=false; autowireMode=0; dependencyCheck=0; autowireCandidate=true; primary=false; factoryBeanName=null; factoryMethodName=null; initMethodName=null; destroyMethodName=null]
2015-06-08 16:20:12 INFO  XmlBeanDefinitionReader:315 - Loading XML bean definitions from class path resource [META-INF/spring/client-cache-config.xml]
2015-06-08 16:20:13 INFO  PropertyPlaceholderConfigurer:177 - Loading properties file from class path resource [gemfire-config.properties]
2015-06-08 16:20:13 INFO  PropertyPlaceholderConfigurer:177 - Loading properties file from class path resource [app-config.properties]
2015-06-08 16:20:13 INFO  DefaultListableBeanFactory:581 - Pre-instantiating singletons in org.springframework.beans.factory.support.DefaultListableBeanFactory@48e55177: defining beans [org.springframework.beans.factory.config.PropertyPlaceholderConfigurer#0,org.springframework.batch.core.scope.internalStepScope,org.springframework.beans.factory.config.CustomEditorConfigurer,org.springframework.batch.core.configuration.xml.CoreNamespacePostProcessor,step1,gemfireDataReader,gemfireIndexWriter,jobRepository,jobLauncherWriter,gemfireReaderJobLauncher,customerRepository,org.springframework.data.repository.core.support.RepositoryInterfaceAwareBeanPostProcessor#0,customerTemplate,gemfireCache,Customer,gemfirePool,org.springframework.context.annotation.internalConfigurationAnnotationProcessor,org.springframework.context.annotation.internalAutowiredAnnotationProcessor,org.springframework.context.annotation.internalRequiredAnnotationProcessor,org.springframework.context.annotation.internalCommonAnnotationProcessor,dataSource,transactionManager,org.springframework.context.annotation.ConfigurationClassPostProcessor$ImportAwareBeanPostProcessor#0]; root of factory hierarchy
2015-06-08 16:20:13 INFO  ClientCacheFactoryBean:319 - Connected to Distributed System [=INTGMUNINVL1C(:loner):55604:13c5cad2@INTGMUNINVL1C.corp.emc.com]
2015-06-08 16:20:13 INFO  ClientCacheFactoryBean:322 - Created GemFire v.7.0 Cache []
2015-06-08 16:20:14 INFO  ClientRegionFactoryBean:186 - Created new cache region [Customer]
2015-06-08 16:20:14 INFO  DriverManagerDataSource:153 - Loaded JDBC driver: com.mysql.jdbc.Driver
2015-06-08 16:20:14 INFO  SimpleJobLauncher:179 - No TaskExecutor has been set, defaulting to synchronous executor.
2015-06-08 16:20:14 INFO  SimpleJobLauncher:118 - Job: [FlowJob: [name=gemfireDataReader]] launched with the following parameters: [{time=1433760614382}]
2015-06-08 16:20:14 INFO  SimpleStepHandler:133 - Executing step: [step1]
2015-06-08 16:20:15 INFO  SimpleJobLauncher:121 - Job: [FlowJob: [name=gemfireDataReader]] completed with the following parameters: [{time=1433760614382}] and the following status: [COMPLETED]
2015-06-08 16:20:15 INFO  ReaderMain:23 - End time : 1433760615445 
2015-06-08 16:20:15 INFO  ReaderMain:24 - TIME TAKEN FOR INDEXING DATA = 3 
2015-06-09 15:41:10 INFO  ReaderMain:13 - ********************** INDEX APPLICATION STARTED *********************
2015-06-09 15:41:10 INFO  ReaderMain:15 - Start time : 1433844670452 
2015-06-09 15:41:10 INFO  ClassPathXmlApplicationContext:500 - Refreshing org.springframework.context.support.ClassPathXmlApplicationContext@7c1c2956: startup date [Tue Jun 09 15:41:10 IST 2015]; root of context hierarchy
2015-06-09 15:41:10 INFO  XmlBeanDefinitionReader:315 - Loading XML bean definitions from class path resource [META-INF/spring/launch-context.xml]
2015-06-09 15:41:10 INFO  XmlBeanDefinitionReader:315 - Loading XML bean definitions from class path resource [META-INF/spring/batch-gemfire-reader-context.xml]
2015-06-09 15:41:11 INFO  DefaultListableBeanFactory:647 - Overriding bean definition for bean 'gemfireDataReader': replacing [Generic bean: class [org.springframework.batch.core.configuration.xml.SimpleFlowFactoryBean]; scope=; abstract=false; lazyInit=false; autowireMode=0; dependencyCheck=0; autowireCandidate=true; primary=false; factoryBeanName=null; factoryMethodName=null; initMethodName=null; destroyMethodName=null] with [Generic bean: class [org.springframework.batch.core.configuration.xml.JobParserJobFactoryBean]; scope=; abstract=false; lazyInit=false; autowireMode=0; dependencyCheck=0; autowireCandidate=true; primary=false; factoryBeanName=null; factoryMethodName=null; initMethodName=null; destroyMethodName=null]
2015-06-09 15:41:11 INFO  XmlBeanDefinitionReader:315 - Loading XML bean definitions from class path resource [META-INF/spring/client-cache-config.xml]
2015-06-09 15:41:11 INFO  PropertyPlaceholderConfigurer:177 - Loading properties file from class path resource [gemfire-config.properties]
2015-06-09 15:41:11 INFO  PropertyPlaceholderConfigurer:177 - Loading properties file from class path resource [app-config.properties]
2015-06-09 15:41:11 INFO  DefaultListableBeanFactory:581 - Pre-instantiating singletons in org.springframework.beans.factory.support.DefaultListableBeanFactory@75831760: defining beans [org.springframework.beans.factory.config.PropertyPlaceholderConfigurer#0,org.springframework.batch.core.scope.internalStepScope,org.springframework.beans.factory.config.CustomEditorConfigurer,org.springframework.batch.core.configuration.xml.CoreNamespacePostProcessor,step1,gemfireDataReader,gemfireIndexWriter,jobRepository,jobLauncherWriter,gemfireReaderJobLauncher,customerRepository,org.springframework.data.repository.core.support.RepositoryInterfaceAwareBeanPostProcessor#0,customerTemplate,gemfireCache,Customer,gemfirePool,org.springframework.context.annotation.internalConfigurationAnnotationProcessor,org.springframework.context.annotation.internalAutowiredAnnotationProcessor,org.springframework.context.annotation.internalRequiredAnnotationProcessor,org.springframework.context.annotation.internalCommonAnnotationProcessor,dataSource,transactionManager,org.springframework.context.annotation.ConfigurationClassPostProcessor$ImportAwareBeanPostProcessor#0]; root of factory hierarchy
2015-06-09 15:41:13 INFO  ClientCacheFactoryBean:319 - Connected to Distributed System [=INTGMUNINVL1C(:loner):49530:1c68cdd7@INTGMUNINVL1C.corp.emc.com]
2015-06-09 15:41:13 INFO  ClientCacheFactoryBean:322 - Created GemFire v.7.0 Cache []
2015-06-09 15:41:13 INFO  ClientRegionFactoryBean:186 - Created new cache region [Customer]
2015-06-09 15:41:13 INFO  DriverManagerDataSource:153 - Loaded JDBC driver: com.mysql.jdbc.Driver
2015-06-09 15:41:13 INFO  SimpleJobLauncher:179 - No TaskExecutor has been set, defaulting to synchronous executor.
2015-06-09 15:41:14 INFO  SimpleJobLauncher:118 - Job: [FlowJob: [name=gemfireDataReader]] launched with the following parameters: [{time=1433844673804}]
2015-06-09 15:41:14 INFO  SimpleStepHandler:133 - Executing step: [step1]
2015-06-09 15:41:38 INFO  GemfireIndexWriter:48 - CUSTOMER OBJECT : Customer [emailAddress=vishwasm@gmail.com, age=30, firstname=vishwas, lastname=m, addresses=[], additionalName=null, affiliation=null, birthDate=Wed Jul 01 00:00:00 IST 1987, birthPlace=kanakapura, deathDate=null, deathPlace=null] 
2015-06-09 15:41:49 ERROR AbstractStep:212 - Encountered an error executing the step
org.apache.solr.client.solrj.impl.HttpSolrServer$RemoteSolrException: Expected mime type application/octet-stream but got text/html. <html>
<head>
<meta http-equiv="Content-Type" content="text/html; charset=ISO-8859-1"/>
<title>Error 404 Not Found</title>
</head>
<body><h2>HTTP ERROR 404</h2>
<p>Problem accessing /solr/update. Reason:
<pre>    Not Found</pre></p><hr /><i><small>Powered by Jetty://</small></i><br/>                                                
<br/>                                                
<br/>                                                
<br/>                                                
<br/>                                                
<br/>                                                
<br/>                                                
<br/>                                                
<br/>                                                
<br/>                                                
<br/>                                                
<br/>                                                
<br/>                                                
<br/>                                                
<br/>                                                
<br/>                                                
<br/>                                                
<br/>                                                
<br/>                                                
<br/>                                                

</body>
</html>

	at org.apache.solr.client.solrj.impl.HttpSolrServer.request(HttpSolrServer.java:459)
	at org.apache.solr.client.solrj.impl.HttpSolrServer.request(HttpSolrServer.java:199)
	at org.apache.solr.client.solrj.request.AbstractUpdateRequest.process(AbstractUpdateRequest.java:117)
	at org.apache.solr.client.solrj.SolrServer.add(SolrServer.java:116)
	at org.apache.solr.client.solrj.SolrServer.add(SolrServer.java:102)
	at com.emc.gemfiresolr.gemfirereader.GemfireIndexWriter.execute(GemfireIndexWriter.java:58)
	at org.springframework.batch.core.step.tasklet.TaskletStep$ChunkTransactionCallback.doInTransaction(TaskletStep.java:386)
	at org.springframework.transaction.support.TransactionTemplate.execute(TransactionTemplate.java:130)
	at org.springframework.batch.core.step.tasklet.TaskletStep$2.doInChunkContext(TaskletStep.java:264)
	at org.springframework.batch.core.scope.context.StepContextRepeatCallback.doInIteration(StepContextRepeatCallback.java:76)
	at org.springframework.batch.repeat.support.RepeatTemplate.getNextResult(RepeatTemplate.java:367)
	at org.springframework.batch.repeat.support.RepeatTemplate.executeInternal(RepeatTemplate.java:214)
	at org.springframework.batch.repeat.support.RepeatTemplate.iterate(RepeatTemplate.java:143)
	at org.springframework.batch.core.step.tasklet.TaskletStep.doExecute(TaskletStep.java:250)
	at org.springframework.batch.core.step.AbstractStep.execute(AbstractStep.java:195)
	at org.springframework.batch.core.job.SimpleStepHandler.handleStep(SimpleStepHandler.java:135)
	at org.springframework.batch.core.job.flow.JobFlowExecutor.executeStep(JobFlowExecutor.java:61)
	at org.springframework.batch.core.job.flow.support.state.StepState.handle(StepState.java:60)
	at org.springframework.batch.core.job.flow.support.SimpleFlow.resume(SimpleFlow.java:144)
	at org.springframework.batch.core.job.flow.support.SimpleFlow.start(SimpleFlow.java:124)
	at org.springframework.batch.core.job.flow.FlowJob.doExecute(FlowJob.java:135)
	at org.springframework.batch.core.job.AbstractJob.execute(AbstractJob.java:281)
	at org.springframework.batch.core.launch.support.SimpleJobLauncher$1.run(SimpleJobLauncher.java:120)
	at org.springframework.core.task.SyncTaskExecutor.execute(SyncTaskExecutor.java:48)
	at org.springframework.batch.core.launch.support.SimpleJobLauncher.run(SimpleJobLauncher.java:114)
	at com.emc.gemfiresolr.gemfirereader.GemfireReaderJobLauncher.runJob(GemfireReaderJobLauncher.java:22)
	at com.emc.gemfiresolr.gemfirereader.ReaderMain.main(ReaderMain.java:21)
2015-06-09 15:41:49 INFO  SimpleJobLauncher:121 - Job: [FlowJob: [name=gemfireDataReader]] completed with the following parameters: [{time=1433844673804}] and the following status: [FAILED]
2015-06-09 15:41:49 INFO  ReaderMain:23 - End time : 1433844709504 
2015-06-09 15:41:49 INFO  ReaderMain:24 - TIME TAKEN FOR INDEXING DATA IN SECONDS = 39 
2015-06-09 15:42:36 INFO  ReaderMain:13 - ********************** INDEX APPLICATION STARTED *********************
2015-06-09 15:42:36 INFO  ReaderMain:15 - Start time : 1433844756783 
2015-06-09 15:42:36 INFO  ClassPathXmlApplicationContext:500 - Refreshing org.springframework.context.support.ClassPathXmlApplicationContext@7c1c2956: startup date [Tue Jun 09 15:42:36 IST 2015]; root of context hierarchy
2015-06-09 15:42:36 INFO  XmlBeanDefinitionReader:315 - Loading XML bean definitions from class path resource [META-INF/spring/launch-context.xml]
2015-06-09 15:42:37 INFO  XmlBeanDefinitionReader:315 - Loading XML bean definitions from class path resource [META-INF/spring/batch-gemfire-reader-context.xml]
2015-06-09 15:42:37 INFO  DefaultListableBeanFactory:647 - Overriding bean definition for bean 'gemfireDataReader': replacing [Generic bean: class [org.springframework.batch.core.configuration.xml.SimpleFlowFactoryBean]; scope=; abstract=false; lazyInit=false; autowireMode=0; dependencyCheck=0; autowireCandidate=true; primary=false; factoryBeanName=null; factoryMethodName=null; initMethodName=null; destroyMethodName=null] with [Generic bean: class [org.springframework.batch.core.configuration.xml.JobParserJobFactoryBean]; scope=; abstract=false; lazyInit=false; autowireMode=0; dependencyCheck=0; autowireCandidate=true; primary=false; factoryBeanName=null; factoryMethodName=null; initMethodName=null; destroyMethodName=null]
2015-06-09 15:42:37 INFO  XmlBeanDefinitionReader:315 - Loading XML bean definitions from class path resource [META-INF/spring/client-cache-config.xml]
2015-06-09 15:42:37 INFO  PropertyPlaceholderConfigurer:177 - Loading properties file from class path resource [gemfire-config.properties]
2015-06-09 15:42:37 INFO  PropertyPlaceholderConfigurer:177 - Loading properties file from class path resource [app-config.properties]
2015-06-09 15:42:37 INFO  DefaultListableBeanFactory:581 - Pre-instantiating singletons in org.springframework.beans.factory.support.DefaultListableBeanFactory@75831760: defining beans [org.springframework.beans.factory.config.PropertyPlaceholderConfigurer#0,org.springframework.batch.core.scope.internalStepScope,org.springframework.beans.factory.config.CustomEditorConfigurer,org.springframework.batch.core.configuration.xml.CoreNamespacePostProcessor,step1,gemfireDataReader,gemfireIndexWriter,jobRepository,jobLauncherWriter,gemfireReaderJobLauncher,customerRepository,org.springframework.data.repository.core.support.RepositoryInterfaceAwareBeanPostProcessor#0,customerTemplate,gemfireCache,Customer,gemfirePool,org.springframework.context.annotation.internalConfigurationAnnotationProcessor,org.springframework.context.annotation.internalAutowiredAnnotationProcessor,org.springframework.context.annotation.internalRequiredAnnotationProcessor,org.springframework.context.annotation.internalCommonAnnotationProcessor,dataSource,transactionManager,org.springframework.context.annotation.ConfigurationClassPostProcessor$ImportAwareBeanPostProcessor#0]; root of factory hierarchy
2015-06-09 15:42:38 INFO  ClientCacheFactoryBean:319 - Connected to Distributed System [=INTGMUNINVL1C(:loner):49556:3fb7ced7@INTGMUNINVL1C.corp.emc.com]
2015-06-09 15:42:38 INFO  ClientCacheFactoryBean:322 - Created GemFire v.7.0 Cache []
2015-06-09 15:42:38 INFO  ClientRegionFactoryBean:186 - Created new cache region [Customer]
2015-06-09 15:42:38 INFO  DriverManagerDataSource:153 - Loaded JDBC driver: com.mysql.jdbc.Driver
2015-06-09 15:42:39 INFO  SimpleJobLauncher:179 - No TaskExecutor has been set, defaulting to synchronous executor.
2015-06-09 15:42:39 INFO  SimpleJobLauncher:118 - Job: [FlowJob: [name=gemfireDataReader]] launched with the following parameters: [{time=1433844759138}]
2015-06-09 15:42:39 INFO  SimpleStepHandler:133 - Executing step: [step1]
2015-06-09 15:42:43 INFO  GemfireIndexWriter:48 - CUSTOMER OBJECT : Customer [emailAddress=vishwasm@gmail.com, age=30, firstname=vishwas, lastname=m, addresses=[], additionalName=null, affiliation=null, birthDate=Wed Jul 01 00:00:00 IST 1987, birthPlace=kanakapura, deathDate=null, deathPlace=null] 
2015-06-09 15:42:53 ERROR AbstractStep:212 - Encountered an error executing the step
org.apache.solr.client.solrj.impl.HttpSolrServer$RemoteSolrException: Document is missing mandatory uniqueKey field: id
	at org.apache.solr.client.solrj.impl.HttpSolrServer.request(HttpSolrServer.java:495)
	at org.apache.solr.client.solrj.impl.HttpSolrServer.request(HttpSolrServer.java:199)
	at org.apache.solr.client.solrj.request.AbstractUpdateRequest.process(AbstractUpdateRequest.java:117)
	at org.apache.solr.client.solrj.SolrServer.add(SolrServer.java:116)
	at org.apache.solr.client.solrj.SolrServer.add(SolrServer.java:102)
	at com.emc.gemfiresolr.gemfirereader.GemfireIndexWriter.execute(GemfireIndexWriter.java:58)
	at org.springframework.batch.core.step.tasklet.TaskletStep$ChunkTransactionCallback.doInTransaction(TaskletStep.java:386)
	at org.springframework.transaction.support.TransactionTemplate.execute(TransactionTemplate.java:130)
	at org.springframework.batch.core.step.tasklet.TaskletStep$2.doInChunkContext(TaskletStep.java:264)
	at org.springframework.batch.core.scope.context.StepContextRepeatCallback.doInIteration(StepContextRepeatCallback.java:76)
	at org.springframework.batch.repeat.support.RepeatTemplate.getNextResult(RepeatTemplate.java:367)
	at org.springframework.batch.repeat.support.RepeatTemplate.executeInternal(RepeatTemplate.java:214)
	at org.springframework.batch.repeat.support.RepeatTemplate.iterate(RepeatTemplate.java:143)
	at org.springframework.batch.core.step.tasklet.TaskletStep.doExecute(TaskletStep.java:250)
	at org.springframework.batch.core.step.AbstractStep.execute(AbstractStep.java:195)
	at org.springframework.batch.core.job.SimpleStepHandler.handleStep(SimpleStepHandler.java:135)
	at org.springframework.batch.core.job.flow.JobFlowExecutor.executeStep(JobFlowExecutor.java:61)
	at org.springframework.batch.core.job.flow.support.state.StepState.handle(StepState.java:60)
	at org.springframework.batch.core.job.flow.support.SimpleFlow.resume(SimpleFlow.java:144)
	at org.springframework.batch.core.job.flow.support.SimpleFlow.start(SimpleFlow.java:124)
	at org.springframework.batch.core.job.flow.FlowJob.doExecute(FlowJob.java:135)
	at org.springframework.batch.core.job.AbstractJob.execute(AbstractJob.java:281)
	at org.springframework.batch.core.launch.support.SimpleJobLauncher$1.run(SimpleJobLauncher.java:120)
	at org.springframework.core.task.SyncTaskExecutor.execute(SyncTaskExecutor.java:48)
	at org.springframework.batch.core.launch.support.SimpleJobLauncher.run(SimpleJobLauncher.java:114)
	at com.emc.gemfiresolr.gemfirereader.GemfireReaderJobLauncher.runJob(GemfireReaderJobLauncher.java:22)
	at com.emc.gemfiresolr.gemfirereader.ReaderMain.main(ReaderMain.java:21)
2015-06-09 15:42:53 INFO  SimpleJobLauncher:121 - Job: [FlowJob: [name=gemfireDataReader]] completed with the following parameters: [{time=1433844759138}] and the following status: [FAILED]
2015-06-09 15:42:53 INFO  ReaderMain:23 - End time : 1433844773374 
2015-06-09 15:42:53 INFO  ReaderMain:24 - TIME TAKEN FOR INDEXING DATA IN SECONDS = 16 
2015-06-09 15:43:01 INFO  ReaderMain:13 - ********************** INDEX APPLICATION STARTED *********************
2015-06-09 15:43:01 INFO  ReaderMain:15 - Start time : 1433844781569 
2015-06-09 15:43:01 INFO  ClassPathXmlApplicationContext:500 - Refreshing org.springframework.context.support.ClassPathXmlApplicationContext@7c472bc: startup date [Tue Jun 09 15:43:01 IST 2015]; root of context hierarchy
2015-06-09 15:43:01 INFO  XmlBeanDefinitionReader:315 - Loading XML bean definitions from class path resource [META-INF/spring/launch-context.xml]
2015-06-09 15:43:01 INFO  XmlBeanDefinitionReader:315 - Loading XML bean definitions from class path resource [META-INF/spring/batch-gemfire-reader-context.xml]
2015-06-09 15:43:02 INFO  DefaultListableBeanFactory:647 - Overriding bean definition for bean 'gemfireDataReader': replacing [Generic bean: class [org.springframework.batch.core.configuration.xml.SimpleFlowFactoryBean]; scope=; abstract=false; lazyInit=false; autowireMode=0; dependencyCheck=0; autowireCandidate=true; primary=false; factoryBeanName=null; factoryMethodName=null; initMethodName=null; destroyMethodName=null] with [Generic bean: class [org.springframework.batch.core.configuration.xml.JobParserJobFactoryBean]; scope=; abstract=false; lazyInit=false; autowireMode=0; dependencyCheck=0; autowireCandidate=true; primary=false; factoryBeanName=null; factoryMethodName=null; initMethodName=null; destroyMethodName=null]
2015-06-09 15:43:02 INFO  XmlBeanDefinitionReader:315 - Loading XML bean definitions from class path resource [META-INF/spring/client-cache-config.xml]
2015-06-09 15:43:02 INFO  PropertyPlaceholderConfigurer:177 - Loading properties file from class path resource [gemfire-config.properties]
2015-06-09 15:43:02 INFO  PropertyPlaceholderConfigurer:177 - Loading properties file from class path resource [app-config.properties]
2015-06-09 15:43:02 INFO  DefaultListableBeanFactory:581 - Pre-instantiating singletons in org.springframework.beans.factory.support.DefaultListableBeanFactory@75831760: defining beans [org.springframework.beans.factory.config.PropertyPlaceholderConfigurer#0,org.springframework.batch.core.scope.internalStepScope,org.springframework.beans.factory.config.CustomEditorConfigurer,org.springframework.batch.core.configuration.xml.CoreNamespacePostProcessor,step1,gemfireDataReader,gemfireIndexWriter,jobRepository,jobLauncherWriter,gemfireReaderJobLauncher,customerRepository,org.springframework.data.repository.core.support.RepositoryInterfaceAwareBeanPostProcessor#0,customerTemplate,gemfireCache,Customer,gemfirePool,org.springframework.context.annotation.internalConfigurationAnnotationProcessor,org.springframework.context.annotation.internalAutowiredAnnotationProcessor,org.springframework.context.annotation.internalRequiredAnnotationProcessor,org.springframework.context.annotation.internalCommonAnnotationProcessor,dataSource,transactionManager,org.springframework.context.annotation.ConfigurationClassPostProcessor$ImportAwareBeanPostProcessor#0]; root of factory hierarchy
2015-06-09 15:43:03 INFO  ClientCacheFactoryBean:319 - Connected to Distributed System [=INTGMUNINVL1C(:loner):49575:eb17cfd7@INTGMUNINVL1C.corp.emc.com]
2015-06-09 15:43:03 INFO  ClientCacheFactoryBean:322 - Created GemFire v.7.0 Cache []
2015-06-09 15:43:03 INFO  ClientRegionFactoryBean:186 - Created new cache region [Customer]
2015-06-09 15:43:03 INFO  DriverManagerDataSource:153 - Loaded JDBC driver: com.mysql.jdbc.Driver
2015-06-09 15:43:03 INFO  SimpleJobLauncher:179 - No TaskExecutor has been set, defaulting to synchronous executor.
2015-06-09 15:43:04 INFO  SimpleJobLauncher:118 - Job: [FlowJob: [name=gemfireDataReader]] launched with the following parameters: [{time=1433844783903}]
2015-06-09 15:43:04 INFO  SimpleStepHandler:133 - Executing step: [step1]
2015-06-09 15:43:40 INFO  GemfireIndexWriter:48 - CUSTOMER OBJECT : Customer [emailAddress=vishwasm@gmail.com, age=30, firstname=vishwas, lastname=m, addresses=[], additionalName=null, affiliation=null, birthDate=Wed Jul 01 00:00:00 IST 1987, birthPlace=kanakapura, deathDate=null, deathPlace=null] 
2015-06-09 15:44:12 ERROR AbstractStep:212 - Encountered an error executing the step
org.apache.solr.client.solrj.impl.HttpSolrServer$RemoteSolrException: Document is missing mandatory uniqueKey field: id
	at org.apache.solr.client.solrj.impl.HttpSolrServer.request(HttpSolrServer.java:495)
	at org.apache.solr.client.solrj.impl.HttpSolrServer.request(HttpSolrServer.java:199)
	at org.apache.solr.client.solrj.request.AbstractUpdateRequest.process(AbstractUpdateRequest.java:117)
	at org.apache.solr.client.solrj.SolrServer.add(SolrServer.java:116)
	at org.apache.solr.client.solrj.SolrServer.add(SolrServer.java:102)
	at com.emc.gemfiresolr.gemfirereader.GemfireIndexWriter.execute(GemfireIndexWriter.java:58)
	at org.springframework.batch.core.step.tasklet.TaskletStep$ChunkTransactionCallback.doInTransaction(TaskletStep.java:386)
	at org.springframework.transaction.support.TransactionTemplate.execute(TransactionTemplate.java:130)
	at org.springframework.batch.core.step.tasklet.TaskletStep$2.doInChunkContext(TaskletStep.java:264)
	at org.springframework.batch.core.scope.context.StepContextRepeatCallback.doInIteration(StepContextRepeatCallback.java:76)
	at org.springframework.batch.repeat.support.RepeatTemplate.getNextResult(RepeatTemplate.java:367)
	at org.springframework.batch.repeat.support.RepeatTemplate.executeInternal(RepeatTemplate.java:214)
	at org.springframework.batch.repeat.support.RepeatTemplate.iterate(RepeatTemplate.java:143)
	at org.springframework.batch.core.step.tasklet.TaskletStep.doExecute(TaskletStep.java:250)
	at org.springframework.batch.core.step.AbstractStep.execute(AbstractStep.java:195)
	at org.springframework.batch.core.job.SimpleStepHandler.handleStep(SimpleStepHandler.java:135)
	at org.springframework.batch.core.job.flow.JobFlowExecutor.executeStep(JobFlowExecutor.java:61)
	at org.springframework.batch.core.job.flow.support.state.StepState.handle(StepState.java:60)
	at org.springframework.batch.core.job.flow.support.SimpleFlow.resume(SimpleFlow.java:144)
	at org.springframework.batch.core.job.flow.support.SimpleFlow.start(SimpleFlow.java:124)
	at org.springframework.batch.core.job.flow.FlowJob.doExecute(FlowJob.java:135)
	at org.springframework.batch.core.job.AbstractJob.execute(AbstractJob.java:281)
	at org.springframework.batch.core.launch.support.SimpleJobLauncher$1.run(SimpleJobLauncher.java:120)
	at org.springframework.core.task.SyncTaskExecutor.execute(SyncTaskExecutor.java:48)
	at org.springframework.batch.core.launch.support.SimpleJobLauncher.run(SimpleJobLauncher.java:114)
	at com.emc.gemfiresolr.gemfirereader.GemfireReaderJobLauncher.runJob(GemfireReaderJobLauncher.java:22)
	at com.emc.gemfiresolr.gemfirereader.ReaderMain.main(ReaderMain.java:21)
2015-06-09 15:44:13 INFO  SimpleJobLauncher:121 - Job: [FlowJob: [name=gemfireDataReader]] completed with the following parameters: [{time=1433844783903}] and the following status: [FAILED]
2015-06-09 15:44:13 INFO  ReaderMain:23 - End time : 1433844853001 
2015-06-09 15:44:13 INFO  ReaderMain:24 - TIME TAKEN FOR INDEXING DATA IN SECONDS = 71 
2015-06-09 16:07:00 INFO  ReaderMain:13 - ********************** INDEX APPLICATION STARTED *********************
2015-06-09 16:07:00 INFO  ReaderMain:15 - Start time : 1433846220038 
2015-06-09 16:07:00 INFO  ClassPathXmlApplicationContext:500 - Refreshing org.springframework.context.support.ClassPathXmlApplicationContext@7c472bc: startup date [Tue Jun 09 16:07:00 IST 2015]; root of context hierarchy
2015-06-09 16:07:00 INFO  XmlBeanDefinitionReader:315 - Loading XML bean definitions from class path resource [META-INF/spring/launch-context.xml]
2015-06-09 16:07:00 INFO  XmlBeanDefinitionReader:315 - Loading XML bean definitions from class path resource [META-INF/spring/batch-gemfire-reader-context.xml]
2015-06-09 16:07:00 INFO  DefaultListableBeanFactory:647 - Overriding bean definition for bean 'gemfireDataReader': replacing [Generic bean: class [org.springframework.batch.core.configuration.xml.SimpleFlowFactoryBean]; scope=; abstract=false; lazyInit=false; autowireMode=0; dependencyCheck=0; autowireCandidate=true; primary=false; factoryBeanName=null; factoryMethodName=null; initMethodName=null; destroyMethodName=null] with [Generic bean: class [org.springframework.batch.core.configuration.xml.JobParserJobFactoryBean]; scope=; abstract=false; lazyInit=false; autowireMode=0; dependencyCheck=0; autowireCandidate=true; primary=false; factoryBeanName=null; factoryMethodName=null; initMethodName=null; destroyMethodName=null]
2015-06-09 16:07:00 INFO  XmlBeanDefinitionReader:315 - Loading XML bean definitions from class path resource [META-INF/spring/client-cache-config.xml]
2015-06-09 16:07:01 INFO  PropertyPlaceholderConfigurer:177 - Loading properties file from class path resource [gemfire-config.properties]
2015-06-09 16:07:01 INFO  PropertyPlaceholderConfigurer:177 - Loading properties file from class path resource [app-config.properties]
2015-06-09 16:07:01 INFO  DefaultListableBeanFactory:581 - Pre-instantiating singletons in org.springframework.beans.factory.support.DefaultListableBeanFactory@7173dbe5: defining beans [org.springframework.beans.factory.config.PropertyPlaceholderConfigurer#0,org.springframework.batch.core.scope.internalStepScope,org.springframework.beans.factory.config.CustomEditorConfigurer,org.springframework.batch.core.configuration.xml.CoreNamespacePostProcessor,step1,gemfireDataReader,gemfireIndexWriter,jobRepository,jobLauncherWriter,gemfireReaderJobLauncher,customerRepository,org.springframework.data.repository.core.support.RepositoryInterfaceAwareBeanPostProcessor#0,customerTemplate,gemfireCache,Customer,gemfirePool,org.springframework.context.annotation.internalConfigurationAnnotationProcessor,org.springframework.context.annotation.internalAutowiredAnnotationProcessor,org.springframework.context.annotation.internalRequiredAnnotationProcessor,org.springframework.context.annotation.internalCommonAnnotationProcessor,dataSource,transactionManager,org.springframework.context.annotation.ConfigurationClassPostProcessor$ImportAwareBeanPostProcessor#0]; root of factory hierarchy
2015-06-09 16:07:02 INFO  ClientCacheFactoryBean:319 - Connected to Distributed System [=INTGMUNINVL1C(:loner):58031:de0ae5d7@INTGMUNINVL1C.corp.emc.com]
2015-06-09 16:07:02 INFO  ClientCacheFactoryBean:322 - Created GemFire v.7.0 Cache []
2015-06-09 16:07:02 INFO  ClientRegionFactoryBean:186 - Created new cache region [Customer]
2015-06-09 16:07:02 INFO  DriverManagerDataSource:153 - Loaded JDBC driver: com.mysql.jdbc.Driver
2015-06-09 16:07:02 INFO  SimpleJobLauncher:179 - No TaskExecutor has been set, defaulting to synchronous executor.
2015-06-09 16:07:02 INFO  SimpleJobLauncher:118 - Job: [FlowJob: [name=gemfireDataReader]] launched with the following parameters: [{time=1433846222473}]
2015-06-09 16:07:02 INFO  SimpleStepHandler:133 - Executing step: [step1]
2015-06-09 16:07:15 INFO  SimpleJobLauncher:121 - Job: [FlowJob: [name=gemfireDataReader]] completed with the following parameters: [{time=1433846222473}] and the following status: [COMPLETED]
2015-06-09 16:07:15 INFO  ReaderMain:23 - End time : 1433846235846 
2015-06-09 16:07:15 INFO  ReaderMain:24 - TIME TAKEN FOR INDEXING DATA IN SECONDS = 15 
2015-06-11 16:56:22 INFO  ReaderMain:13 - ********************** INDEX APPLICATION STARTED *********************
2015-06-11 16:56:22 INFO  ReaderMain:15 - Start time : 1434021982590 
2015-06-11 16:56:22 INFO  ClassPathXmlApplicationContext:500 - Refreshing org.springframework.context.support.ClassPathXmlApplicationContext@3ba8cacd: startup date [Thu Jun 11 16:56:22 IST 2015]; root of context hierarchy
2015-06-11 16:56:22 INFO  XmlBeanDefinitionReader:315 - Loading XML bean definitions from class path resource [META-INF/spring/launch-context.xml]
2015-06-11 16:56:22 INFO  XmlBeanDefinitionReader:315 - Loading XML bean definitions from class path resource [META-INF/spring/batch-gemfire-reader-context.xml]
2015-06-11 16:56:23 INFO  DefaultListableBeanFactory:647 - Overriding bean definition for bean 'gemfireDataReader': replacing [Generic bean: class [org.springframework.batch.core.configuration.xml.SimpleFlowFactoryBean]; scope=; abstract=false; lazyInit=false; autowireMode=0; dependencyCheck=0; autowireCandidate=true; primary=false; factoryBeanName=null; factoryMethodName=null; initMethodName=null; destroyMethodName=null] with [Generic bean: class [org.springframework.batch.core.configuration.xml.JobParserJobFactoryBean]; scope=; abstract=false; lazyInit=false; autowireMode=0; dependencyCheck=0; autowireCandidate=true; primary=false; factoryBeanName=null; factoryMethodName=null; initMethodName=null; destroyMethodName=null]
2015-06-11 16:56:23 INFO  XmlBeanDefinitionReader:315 - Loading XML bean definitions from class path resource [META-INF/spring/client-cache-config.xml]
2015-06-11 16:56:23 INFO  PropertyPlaceholderConfigurer:177 - Loading properties file from class path resource [gemfire-config.properties]
2015-06-11 16:56:23 INFO  PropertyPlaceholderConfigurer:177 - Loading properties file from class path resource [app-config.properties]
2015-06-11 16:56:23 INFO  DefaultListableBeanFactory:581 - Pre-instantiating singletons in org.springframework.beans.factory.support.DefaultListableBeanFactory@43dbe14f: defining beans [org.springframework.beans.factory.config.PropertyPlaceholderConfigurer#0,org.springframework.batch.core.scope.internalStepScope,org.springframework.beans.factory.config.CustomEditorConfigurer,org.springframework.batch.core.configuration.xml.CoreNamespacePostProcessor,step1,gemfireDataReader,gemfireIndexWriter,jobRepository,jobLauncherWriter,gemfireReaderJobLauncher,customerRepository,org.springframework.data.repository.core.support.RepositoryInterfaceAwareBeanPostProcessor#0,customerTemplate,gemfireCache,Customer,gemfirePool,org.springframework.context.annotation.internalConfigurationAnnotationProcessor,org.springframework.context.annotation.internalAutowiredAnnotationProcessor,org.springframework.context.annotation.internalRequiredAnnotationProcessor,org.springframework.context.annotation.internalCommonAnnotationProcessor,dataSource,transactionManager,org.springframework.context.annotation.ConfigurationClassPostProcessor$ImportAwareBeanPostProcessor#0]; root of factory hierarchy
2015-06-11 16:56:25 INFO  ClientCacheFactoryBean:319 - Connected to Distributed System [=INTGMUNINVL1C(:loner):0:08f85ee2@INTGMUNINVL1C.corp.emc.com]
2015-06-11 16:56:25 INFO  ClientCacheFactoryBean:322 - Created GemFire v.7.0 Cache []
2015-06-11 16:56:25 INFO  ClientRegionFactoryBean:186 - Created new cache region [Customer]
2015-06-11 16:56:25 INFO  DriverManagerDataSource:153 - Loaded JDBC driver: com.mysql.jdbc.Driver
2015-06-11 16:56:25 INFO  SimpleJobLauncher:179 - No TaskExecutor has been set, defaulting to synchronous executor.
2015-06-11 16:56:25 INFO  SimpleJobLauncher:118 - Job: [FlowJob: [name=gemfireDataReader]] launched with the following parameters: [{time=1434021985439}]
2015-06-11 16:56:25 INFO  SimpleStepHandler:133 - Executing step: [step1]
2015-06-11 16:56:26 ERROR AbstractStep:212 - Encountered an error executing the step
org.springframework.dao.DataAccessResourceFailureException: Unable to connect to any locators in the list [liacs169.lss.emc.com/10.63.39.169:41111]; nested exception is com.gemstone.gemfire.cache.client.NoAvailableLocatorsException: Unable to connect to any locators in the list [liacs169.lss.emc.com/10.63.39.169:41111]
	at org.springframework.data.gemfire.GemfireCacheUtils.convertGemfireAccessException(GemfireCacheUtils.java:241)
	at org.springframework.data.gemfire.GemfireAccessor.convertGemFireAccessException(GemfireAccessor.java:67)
	at org.springframework.data.gemfire.GemfireTemplate.execute(GemfireTemplate.java:348)
	at org.springframework.data.gemfire.GemfireTemplate.execute(GemfireTemplate.java:323)
	at org.springframework.data.gemfire.GemfireTemplate.find(GemfireTemplate.java:257)
	at com.emc.gemfiresolr.gemfirereader.GemfireIndexWriter.execute(GemfireIndexWriter.java:41)
	at org.springframework.batch.core.step.tasklet.TaskletStep$ChunkTransactionCallback.doInTransaction(TaskletStep.java:386)
	at org.springframework.transaction.support.TransactionTemplate.execute(TransactionTemplate.java:130)
	at org.springframework.batch.core.step.tasklet.TaskletStep$2.doInChunkContext(TaskletStep.java:264)
	at org.springframework.batch.core.scope.context.StepContextRepeatCallback.doInIteration(StepContextRepeatCallback.java:76)
	at org.springframework.batch.repeat.support.RepeatTemplate.getNextResult(RepeatTemplate.java:367)
	at org.springframework.batch.repeat.support.RepeatTemplate.executeInternal(RepeatTemplate.java:214)
	at org.springframework.batch.repeat.support.RepeatTemplate.iterate(RepeatTemplate.java:143)
	at org.springframework.batch.core.step.tasklet.TaskletStep.doExecute(TaskletStep.java:250)
	at org.springframework.batch.core.step.AbstractStep.execute(AbstractStep.java:195)
	at org.springframework.batch.core.job.SimpleStepHandler.handleStep(SimpleStepHandler.java:135)
	at org.springframework.batch.core.job.flow.JobFlowExecutor.executeStep(JobFlowExecutor.java:61)
	at org.springframework.batch.core.job.flow.support.state.StepState.handle(StepState.java:60)
	at org.springframework.batch.core.job.flow.support.SimpleFlow.resume(SimpleFlow.java:144)
	at org.springframework.batch.core.job.flow.support.SimpleFlow.start(SimpleFlow.java:124)
	at org.springframework.batch.core.job.flow.FlowJob.doExecute(FlowJob.java:135)
	at org.springframework.batch.core.job.AbstractJob.execute(AbstractJob.java:281)
	at org.springframework.batch.core.launch.support.SimpleJobLauncher$1.run(SimpleJobLauncher.java:120)
	at org.springframework.core.task.SyncTaskExecutor.execute(SyncTaskExecutor.java:48)
	at org.springframework.batch.core.launch.support.SimpleJobLauncher.run(SimpleJobLauncher.java:114)
	at com.emc.gemfiresolr.gemfirereader.GemfireReaderJobLauncher.runJob(GemfireReaderJobLauncher.java:22)
	at com.emc.gemfiresolr.gemfirereader.ReaderMain.main(ReaderMain.java:21)
Caused by: com.gemstone.gemfire.cache.client.NoAvailableLocatorsException: Unable to connect to any locators in the list [liacs169.lss.emc.com/10.63.39.169:41111]
	at com.gemstone.gemfire.cache.client.internal.AutoConnectionSourceImpl.findServer(AutoConnectionSourceImpl.java:132)
	at com.gemstone.gemfire.cache.client.internal.ConnectionFactoryImpl.createClientToServerConnection(ConnectionFactoryImpl.java:194)
	at com.gemstone.gemfire.cache.client.internal.pooling.ConnectionManagerImpl.borrowConnection(ConnectionManagerImpl.java:213)
	at com.gemstone.gemfire.cache.client.internal.OpExecutorImpl.execute(OpExecutorImpl.java:135)
	at com.gemstone.gemfire.cache.client.internal.OpExecutorImpl.execute(OpExecutorImpl.java:114)
	at com.gemstone.gemfire.cache.client.internal.PoolImpl.execute(PoolImpl.java:638)
	at com.gemstone.gemfire.cache.client.internal.QueryOp.execute(QueryOp.java:51)
	at com.gemstone.gemfire.cache.client.internal.ServerProxy.query(ServerProxy.java:81)
	at com.gemstone.gemfire.cache.query.internal.DefaultQuery.executeOnServer(DefaultQuery.java:282)
	at com.gemstone.gemfire.cache.query.internal.DefaultQuery.execute(DefaultQuery.java:213)
	at org.springframework.data.gemfire.GemfireTemplate$15.doInGemfire(GemfireTemplate.java:262)
	at org.springframework.data.gemfire.GemfireTemplate$15.doInGemfire(GemfireTemplate.java:257)
	at org.springframework.data.gemfire.GemfireTemplate.execute(GemfireTemplate.java:339)
	... 24 more
2015-06-11 16:56:27 INFO  SimpleJobLauncher:121 - Job: [FlowJob: [name=gemfireDataReader]] completed with the following parameters: [{time=1434021985439}] and the following status: [FAILED]
2015-06-11 16:56:27 INFO  ReaderMain:23 - End time : 1434021987047 
2015-06-11 16:56:27 INFO  ReaderMain:24 - TIME TAKEN FOR INDEXING DATA IN SECONDS = 4 
