2015-06-08 15:31:58 INFO  ClassPathXmlApplicationContext:500 - Refreshing org.springframework.context.support.ClassPathXmlApplicationContext@3ff72465: startup date [Mon Jun 08 15:31:58 IST 2015]; root of context hierarchy
2015-06-08 15:31:58 INFO  XmlBeanDefinitionReader:315 - Loading XML bean definitions from class path resource [META-INF/spring/launch-context.xml]
2015-06-08 15:31:58 INFO  XmlBeanDefinitionReader:315 - Loading XML bean definitions from class path resource [META-INF/spring/batch-loader-module-context.xml]
2015-06-08 15:31:58 INFO  DefaultListableBeanFactory:647 - Overriding bean definition for bean 'gemfireDataLoader': replacing [Generic bean: class [org.springframework.batch.core.configuration.xml.SimpleFlowFactoryBean]; scope=; abstract=false; lazyInit=false; autowireMode=0; dependencyCheck=0; autowireCandidate=true; primary=false; factoryBeanName=null; factoryMethodName=null; initMethodName=null; destroyMethodName=null] with [Generic bean: class [org.springframework.batch.core.configuration.xml.JobParserJobFactoryBean]; scope=; abstract=false; lazyInit=false; autowireMode=0; dependencyCheck=0; autowireCandidate=true; primary=false; factoryBeanName=null; factoryMethodName=null; initMethodName=null; destroyMethodName=null]
2015-06-08 15:31:58 INFO  XmlBeanDefinitionReader:315 - Loading XML bean definitions from class path resource [META-INF/spring/client-cache-config.xml]
2015-06-08 15:31:59 INFO  PropertyPlaceholderConfigurer:177 - Loading properties file from class path resource [batch.properties]
2015-06-08 15:31:59 INFO  PropertyPlaceholderConfigurer:177 - Loading properties file from class path resource [gemfire-config.properties]
2015-06-08 15:31:59 INFO  DefaultListableBeanFactory:647 - Overriding bean definition for bean 'customerdataReader': replacing [Generic bean: class [org.springframework.batch.item.file.FlatFileItemReader]; scope=step; abstract=false; lazyInit=false; autowireMode=0; dependencyCheck=0; autowireCandidate=false; primary=false; factoryBeanName=null; factoryMethodName=null; initMethodName=null; destroyMethodName=null; defined in class path resource [META-INF/spring/batch-loader-module-context.xml]] with [Root bean: class [org.springframework.aop.scope.ScopedProxyFactoryBean]; scope=; abstract=false; lazyInit=false; autowireMode=0; dependencyCheck=0; autowireCandidate=true; primary=false; factoryBeanName=null; factoryMethodName=null; initMethodName=null; destroyMethodName=null; defined in BeanDefinition defined in class path resource [META-INF/spring/batch-loader-module-context.xml]]
2015-06-08 15:31:59 INFO  DefaultListableBeanFactory:581 - Pre-instantiating singletons in org.springframework.beans.factory.support.DefaultListableBeanFactory@5fa570da: defining beans [org.springframework.batch.core.scope.internalStepScope,org.springframework.beans.factory.config.CustomEditorConfigurer,org.springframework.batch.core.configuration.xml.CoreNamespacePostProcessor,step1,gemfireDataLoader,customerdataReader,gemfirewriter,jobRepository,jobLauncher,gemfireJobLauncher,gemfireCache,Customer,gemfirePool,org.springframework.beans.factory.config.PropertyPlaceholderConfigurer#0,org.springframework.context.annotation.internalConfigurationAnnotationProcessor,org.springframework.context.annotation.internalAutowiredAnnotationProcessor,org.springframework.context.annotation.internalRequiredAnnotationProcessor,org.springframework.context.annotation.internalCommonAnnotationProcessor,dataSource,transactionManager,batchResources,org.springframework.context.annotation.ConfigurationClassPostProcessor$ImportAwareBeanPostProcessor#0,scopedTarget.customerdataReader]; root of factory hierarchy
2015-06-08 15:32:00 INFO  ClientCacheFactoryBean:319 - Connected to Distributed System [=INTGMUNINVL1C(:loner):59733:0b9c9ed2@INTGMUNINVL1C.corp.emc.com]
2015-06-08 15:32:00 INFO  ClientCacheFactoryBean:322 - Created GemFire v.7.0 Cache []
2015-06-08 15:32:00 INFO  ClientRegionFactoryBean:186 - Created new cache region [Customer]
2015-06-08 15:32:00 INFO  DriverManagerDataSource:153 - Loaded JDBC driver: com.mysql.jdbc.Driver
2015-06-08 15:32:00 INFO  SimpleJobLauncher:179 - No TaskExecutor has been set, defaulting to synchronous executor.
2015-06-08 15:32:00 INFO  SimpleJobLauncher:118 - Job: [FlowJob: [name=gemfireDataLoader]] launched with the following parameters: [{time=1433757720406, gemfiredata.file.name=classpath:/gemfire-sample-data.txt}]
2015-06-08 15:32:00 INFO  SimpleStepHandler:133 - Executing step: [step1]
2015-06-08 15:32:01 INFO  SimpleJobLauncher:121 - Job: [FlowJob: [name=gemfireDataLoader]] completed with the following parameters: [{time=1433757720406, gemfiredata.file.name=classpath:/gemfire-sample-data.txt}] and the following status: [COMPLETED]
2015-06-08 15:35:52 INFO  LoaderMain:14 - **********************LOADER APPLICATION STARTED*********************
2015-06-08 15:35:52 INFO  ClassPathXmlApplicationContext:500 - Refreshing org.springframework.context.support.ClassPathXmlApplicationContext@3d6f3621: startup date [Mon Jun 08 15:35:52 IST 2015]; root of context hierarchy
2015-06-08 15:35:52 INFO  XmlBeanDefinitionReader:315 - Loading XML bean definitions from class path resource [META-INF/spring/launch-context.xml]
2015-06-08 15:35:53 INFO  XmlBeanDefinitionReader:315 - Loading XML bean definitions from class path resource [META-INF/spring/batch-loader-module-context.xml]
2015-06-08 15:35:53 INFO  DefaultListableBeanFactory:647 - Overriding bean definition for bean 'gemfireDataLoader': replacing [Generic bean: class [org.springframework.batch.core.configuration.xml.SimpleFlowFactoryBean]; scope=; abstract=false; lazyInit=false; autowireMode=0; dependencyCheck=0; autowireCandidate=true; primary=false; factoryBeanName=null; factoryMethodName=null; initMethodName=null; destroyMethodName=null] with [Generic bean: class [org.springframework.batch.core.configuration.xml.JobParserJobFactoryBean]; scope=; abstract=false; lazyInit=false; autowireMode=0; dependencyCheck=0; autowireCandidate=true; primary=false; factoryBeanName=null; factoryMethodName=null; initMethodName=null; destroyMethodName=null]
2015-06-08 15:35:53 INFO  XmlBeanDefinitionReader:315 - Loading XML bean definitions from class path resource [META-INF/spring/client-cache-config.xml]
2015-06-08 15:35:53 INFO  PropertyPlaceholderConfigurer:177 - Loading properties file from class path resource [batch.properties]
2015-06-08 15:35:53 INFO  PropertyPlaceholderConfigurer:177 - Loading properties file from class path resource [gemfire-config.properties]
2015-06-08 15:35:53 INFO  DefaultListableBeanFactory:647 - Overriding bean definition for bean 'customerdataReader': replacing [Generic bean: class [org.springframework.batch.item.file.FlatFileItemReader]; scope=step; abstract=false; lazyInit=false; autowireMode=0; dependencyCheck=0; autowireCandidate=false; primary=false; factoryBeanName=null; factoryMethodName=null; initMethodName=null; destroyMethodName=null; defined in class path resource [META-INF/spring/batch-loader-module-context.xml]] with [Root bean: class [org.springframework.aop.scope.ScopedProxyFactoryBean]; scope=; abstract=false; lazyInit=false; autowireMode=0; dependencyCheck=0; autowireCandidate=true; primary=false; factoryBeanName=null; factoryMethodName=null; initMethodName=null; destroyMethodName=null; defined in BeanDefinition defined in class path resource [META-INF/spring/batch-loader-module-context.xml]]
2015-06-08 15:35:53 INFO  DefaultListableBeanFactory:581 - Pre-instantiating singletons in org.springframework.beans.factory.support.DefaultListableBeanFactory@52d0d407: defining beans [org.springframework.batch.core.scope.internalStepScope,org.springframework.beans.factory.config.CustomEditorConfigurer,org.springframework.batch.core.configuration.xml.CoreNamespacePostProcessor,step1,gemfireDataLoader,customerdataReader,gemfirewriter,jobRepository,jobLauncher,gemfireJobLauncher,gemfireCache,Customer,gemfirePool,org.springframework.beans.factory.config.PropertyPlaceholderConfigurer#0,org.springframework.context.annotation.internalConfigurationAnnotationProcessor,org.springframework.context.annotation.internalAutowiredAnnotationProcessor,org.springframework.context.annotation.internalRequiredAnnotationProcessor,org.springframework.context.annotation.internalCommonAnnotationProcessor,dataSource,transactionManager,batchResources,org.springframework.context.annotation.ConfigurationClassPostProcessor$ImportAwareBeanPostProcessor#0,scopedTarget.customerdataReader]; root of factory hierarchy
2015-06-08 15:35:54 INFO  ClientCacheFactoryBean:319 - Connected to Distributed System [=INTGMUNINVL1C(:loner):50587:bb30a2d2@INTGMUNINVL1C.corp.emc.com]
2015-06-08 15:35:54 INFO  ClientCacheFactoryBean:322 - Created GemFire v.7.0 Cache []
2015-06-08 15:35:54 INFO  ClientRegionFactoryBean:186 - Created new cache region [Customer]
2015-06-08 15:35:54 INFO  DriverManagerDataSource:153 - Loaded JDBC driver: com.mysql.jdbc.Driver
2015-06-08 15:35:54 INFO  SimpleJobLauncher:179 - No TaskExecutor has been set, defaulting to synchronous executor.
2015-06-08 15:35:55 INFO  SimpleJobLauncher:118 - Job: [FlowJob: [name=gemfireDataLoader]] launched with the following parameters: [{time=1433757954991, gemfiredata.file.name=classpath:/gemfire-sample-data.txt}]
2015-06-08 15:35:55 INFO  SimpleStepHandler:133 - Executing step: [step1]
2015-06-08 15:35:55 INFO  SimpleJobLauncher:121 - Job: [FlowJob: [name=gemfireDataLoader]] completed with the following parameters: [{time=1433757954991, gemfiredata.file.name=classpath:/gemfire-sample-data.txt}] and the following status: [COMPLETED]
2015-06-08 15:36:18 INFO  LoaderMain:14 - **********************LOADER APPLICATION STARTED*********************
2015-06-08 15:36:18 INFO  ClassPathXmlApplicationContext:500 - Refreshing org.springframework.context.support.ClassPathXmlApplicationContext@5fa0280d: startup date [Mon Jun 08 15:36:18 IST 2015]; root of context hierarchy
2015-06-08 15:36:18 INFO  XmlBeanDefinitionReader:315 - Loading XML bean definitions from class path resource [META-INF/spring/launch-context.xml]
2015-06-08 15:36:18 INFO  XmlBeanDefinitionReader:315 - Loading XML bean definitions from class path resource [META-INF/spring/batch-loader-module-context.xml]
2015-06-08 15:36:19 INFO  DefaultListableBeanFactory:647 - Overriding bean definition for bean 'gemfireDataLoader': replacing [Generic bean: class [org.springframework.batch.core.configuration.xml.SimpleFlowFactoryBean]; scope=; abstract=false; lazyInit=false; autowireMode=0; dependencyCheck=0; autowireCandidate=true; primary=false; factoryBeanName=null; factoryMethodName=null; initMethodName=null; destroyMethodName=null] with [Generic bean: class [org.springframework.batch.core.configuration.xml.JobParserJobFactoryBean]; scope=; abstract=false; lazyInit=false; autowireMode=0; dependencyCheck=0; autowireCandidate=true; primary=false; factoryBeanName=null; factoryMethodName=null; initMethodName=null; destroyMethodName=null]
2015-06-08 15:36:19 INFO  XmlBeanDefinitionReader:315 - Loading XML bean definitions from class path resource [META-INF/spring/client-cache-config.xml]
2015-06-08 15:36:19 INFO  PropertyPlaceholderConfigurer:177 - Loading properties file from class path resource [batch.properties]
2015-06-08 15:36:19 INFO  PropertyPlaceholderConfigurer:177 - Loading properties file from class path resource [gemfire-config.properties]
2015-06-08 15:36:19 INFO  DefaultListableBeanFactory:647 - Overriding bean definition for bean 'customerdataReader': replacing [Generic bean: class [org.springframework.batch.item.file.FlatFileItemReader]; scope=step; abstract=false; lazyInit=false; autowireMode=0; dependencyCheck=0; autowireCandidate=false; primary=false; factoryBeanName=null; factoryMethodName=null; initMethodName=null; destroyMethodName=null; defined in class path resource [META-INF/spring/batch-loader-module-context.xml]] with [Root bean: class [org.springframework.aop.scope.ScopedProxyFactoryBean]; scope=; abstract=false; lazyInit=false; autowireMode=0; dependencyCheck=0; autowireCandidate=true; primary=false; factoryBeanName=null; factoryMethodName=null; initMethodName=null; destroyMethodName=null; defined in BeanDefinition defined in class path resource [META-INF/spring/batch-loader-module-context.xml]]
2015-06-08 15:36:19 INFO  DefaultListableBeanFactory:581 - Pre-instantiating singletons in org.springframework.beans.factory.support.DefaultListableBeanFactory@c10420b: defining beans [org.springframework.batch.core.scope.internalStepScope,org.springframework.beans.factory.config.CustomEditorConfigurer,org.springframework.batch.core.configuration.xml.CoreNamespacePostProcessor,step1,gemfireDataLoader,customerdataReader,gemfirewriter,jobRepository,jobLauncher,gemfireJobLauncher,gemfireCache,Customer,gemfirePool,org.springframework.beans.factory.config.PropertyPlaceholderConfigurer#0,org.springframework.context.annotation.internalConfigurationAnnotationProcessor,org.springframework.context.annotation.internalAutowiredAnnotationProcessor,org.springframework.context.annotation.internalRequiredAnnotationProcessor,org.springframework.context.annotation.internalCommonAnnotationProcessor,dataSource,transactionManager,batchResources,org.springframework.context.annotation.ConfigurationClassPostProcessor$ImportAwareBeanPostProcessor#0,scopedTarget.customerdataReader]; root of factory hierarchy
2015-06-08 15:36:20 INFO  ClientCacheFactoryBean:319 - Connected to Distributed System [=INTGMUNINVL1C(:loner):50617:9895a2d2@INTGMUNINVL1C.corp.emc.com]
2015-06-08 15:36:20 INFO  ClientCacheFactoryBean:322 - Created GemFire v.7.0 Cache []
2015-06-08 15:36:20 INFO  ClientRegionFactoryBean:186 - Created new cache region [Customer]
2015-06-08 15:36:20 INFO  DriverManagerDataSource:153 - Loaded JDBC driver: com.mysql.jdbc.Driver
2015-06-08 15:36:20 INFO  SimpleJobLauncher:179 - No TaskExecutor has been set, defaulting to synchronous executor.
2015-06-08 15:36:21 INFO  SimpleJobLauncher:118 - Job: [FlowJob: [name=gemfireDataLoader]] launched with the following parameters: [{time=1433757980793, gemfiredata.file.name=classpath:/gemfire-sample-data.txt}]
2015-06-08 15:36:21 INFO  SimpleStepHandler:133 - Executing step: [step1]
2015-06-08 15:36:43 INFO  SimpleJobLauncher:121 - Job: [FlowJob: [name=gemfireDataLoader]] completed with the following parameters: [{time=1433757980793, gemfiredata.file.name=classpath:/gemfire-sample-data.txt}] and the following status: [COMPLETED]
2015-06-08 15:51:37 INFO  LoaderMain:13 - **********************LOADER APPLICATION STARTED*********************
2015-06-08 15:51:37 INFO  LoaderMain:15 - Start time : 1433758897734 
2015-06-08 15:51:37 INFO  ClassPathXmlApplicationContext:500 - Refreshing org.springframework.context.support.ClassPathXmlApplicationContext@e66db21: startup date [Mon Jun 08 15:51:37 IST 2015]; root of context hierarchy
2015-06-08 15:51:37 INFO  XmlBeanDefinitionReader:315 - Loading XML bean definitions from class path resource [META-INF/spring/launch-context.xml]
2015-06-08 15:51:38 INFO  XmlBeanDefinitionReader:315 - Loading XML bean definitions from class path resource [META-INF/spring/batch-loader-module-context.xml]
2015-06-08 15:51:38 INFO  DefaultListableBeanFactory:647 - Overriding bean definition for bean 'gemfireDataLoader': replacing [Generic bean: class [org.springframework.batch.core.configuration.xml.SimpleFlowFactoryBean]; scope=; abstract=false; lazyInit=false; autowireMode=0; dependencyCheck=0; autowireCandidate=true; primary=false; factoryBeanName=null; factoryMethodName=null; initMethodName=null; destroyMethodName=null] with [Generic bean: class [org.springframework.batch.core.configuration.xml.JobParserJobFactoryBean]; scope=; abstract=false; lazyInit=false; autowireMode=0; dependencyCheck=0; autowireCandidate=true; primary=false; factoryBeanName=null; factoryMethodName=null; initMethodName=null; destroyMethodName=null]
2015-06-08 15:51:38 INFO  XmlBeanDefinitionReader:315 - Loading XML bean definitions from class path resource [META-INF/spring/client-cache-config.xml]
2015-06-08 15:51:38 INFO  PropertyPlaceholderConfigurer:177 - Loading properties file from class path resource [batch.properties]
2015-06-08 15:51:38 INFO  PropertyPlaceholderConfigurer:177 - Loading properties file from class path resource [gemfire-config.properties]
2015-06-08 15:51:38 INFO  DefaultListableBeanFactory:647 - Overriding bean definition for bean 'customerdataReader': replacing [Generic bean: class [org.springframework.batch.item.file.FlatFileItemReader]; scope=step; abstract=false; lazyInit=false; autowireMode=0; dependencyCheck=0; autowireCandidate=false; primary=false; factoryBeanName=null; factoryMethodName=null; initMethodName=null; destroyMethodName=null; defined in class path resource [META-INF/spring/batch-loader-module-context.xml]] with [Root bean: class [org.springframework.aop.scope.ScopedProxyFactoryBean]; scope=; abstract=false; lazyInit=false; autowireMode=0; dependencyCheck=0; autowireCandidate=true; primary=false; factoryBeanName=null; factoryMethodName=null; initMethodName=null; destroyMethodName=null; defined in BeanDefinition defined in class path resource [META-INF/spring/batch-loader-module-context.xml]]
2015-06-08 15:51:38 INFO  DefaultListableBeanFactory:581 - Pre-instantiating singletons in org.springframework.beans.factory.support.DefaultListableBeanFactory@196b16f2: defining beans [org.springframework.batch.core.scope.internalStepScope,org.springframework.beans.factory.config.CustomEditorConfigurer,org.springframework.batch.core.configuration.xml.CoreNamespacePostProcessor,step1,gemfireDataLoader,customerdataReader,gemfirewriter,jobRepository,jobLauncher,gemfireJobLauncher,gemfireCache,Customer,gemfirePool,org.springframework.beans.factory.config.PropertyPlaceholderConfigurer#0,org.springframework.context.annotation.internalConfigurationAnnotationProcessor,org.springframework.context.annotation.internalAutowiredAnnotationProcessor,org.springframework.context.annotation.internalRequiredAnnotationProcessor,org.springframework.context.annotation.internalCommonAnnotationProcessor,dataSource,transactionManager,batchResources,org.springframework.context.annotation.ConfigurationClassPostProcessor$ImportAwareBeanPostProcessor#0,scopedTarget.customerdataReader]; root of factory hierarchy
2015-06-08 15:51:39 INFO  ClientCacheFactoryBean:319 - Connected to Distributed System [=INTGMUNINVL1C(:loner):50533:f49bb0d2@INTGMUNINVL1C.corp.emc.com]
2015-06-08 15:51:39 INFO  ClientCacheFactoryBean:322 - Created GemFire v.7.0 Cache []
2015-06-08 15:51:39 INFO  ClientRegionFactoryBean:186 - Created new cache region [Customer]
2015-06-08 15:51:39 INFO  DriverManagerDataSource:153 - Loaded JDBC driver: com.mysql.jdbc.Driver
2015-06-08 15:51:40 INFO  SimpleJobLauncher:179 - No TaskExecutor has been set, defaulting to synchronous executor.
2015-06-08 15:51:40 INFO  SimpleJobLauncher:118 - Job: [FlowJob: [name=gemfireDataLoader]] launched with the following parameters: [{time=1433758900111, gemfiredata.file.name=classpath:/gemfire-sample-data.txt}]
2015-06-08 15:51:40 INFO  SimpleStepHandler:133 - Executing step: [step1]
2015-06-08 15:51:40 INFO  SimpleJobLauncher:121 - Job: [FlowJob: [name=gemfireDataLoader]] completed with the following parameters: [{time=1433758900111, gemfiredata.file.name=classpath:/gemfire-sample-data.txt}] and the following status: [COMPLETED]
2015-06-08 15:51:40 INFO  LoaderMain:23 - End time : 1433758900888 
2015-06-08 15:51:40 INFO  LoaderMain:24 - TIME TAKEN FOR DATA LOADER = 3 
2015-06-08 16:03:10 INFO  LoaderMain:13 - **********************LOADER APPLICATION STARTED*********************
2015-06-08 16:03:10 INFO  LoaderMain:15 - Start time : 1433759590123 
2015-06-08 16:03:10 INFO  ClassPathXmlApplicationContext:500 - Refreshing org.springframework.context.support.ClassPathXmlApplicationContext@e66db21: startup date [Mon Jun 08 16:03:10 IST 2015]; root of context hierarchy
2015-06-08 16:03:10 INFO  XmlBeanDefinitionReader:315 - Loading XML bean definitions from class path resource [META-INF/spring/launch-context.xml]
2015-06-08 16:03:10 INFO  XmlBeanDefinitionReader:315 - Loading XML bean definitions from class path resource [META-INF/spring/batch-loader-module-context.xml]
2015-06-08 16:03:10 INFO  DefaultListableBeanFactory:647 - Overriding bean definition for bean 'gemfireDataLoader': replacing [Generic bean: class [org.springframework.batch.core.configuration.xml.SimpleFlowFactoryBean]; scope=; abstract=false; lazyInit=false; autowireMode=0; dependencyCheck=0; autowireCandidate=true; primary=false; factoryBeanName=null; factoryMethodName=null; initMethodName=null; destroyMethodName=null] with [Generic bean: class [org.springframework.batch.core.configuration.xml.JobParserJobFactoryBean]; scope=; abstract=false; lazyInit=false; autowireMode=0; dependencyCheck=0; autowireCandidate=true; primary=false; factoryBeanName=null; factoryMethodName=null; initMethodName=null; destroyMethodName=null]
2015-06-08 16:03:10 INFO  XmlBeanDefinitionReader:315 - Loading XML bean definitions from class path resource [META-INF/spring/client-cache-config.xml]
2015-06-08 16:03:11 INFO  PropertyPlaceholderConfigurer:177 - Loading properties file from class path resource [batch.properties]
2015-06-08 16:03:11 INFO  PropertyPlaceholderConfigurer:177 - Loading properties file from class path resource [gemfire-config.properties]
2015-06-08 16:03:11 INFO  DefaultListableBeanFactory:647 - Overriding bean definition for bean 'customerdataReader': replacing [Generic bean: class [org.springframework.batch.item.file.FlatFileItemReader]; scope=step; abstract=false; lazyInit=false; autowireMode=0; dependencyCheck=0; autowireCandidate=false; primary=false; factoryBeanName=null; factoryMethodName=null; initMethodName=null; destroyMethodName=null; defined in class path resource [META-INF/spring/batch-loader-module-context.xml]] with [Root bean: class [org.springframework.aop.scope.ScopedProxyFactoryBean]; scope=; abstract=false; lazyInit=false; autowireMode=0; dependencyCheck=0; autowireCandidate=true; primary=false; factoryBeanName=null; factoryMethodName=null; initMethodName=null; destroyMethodName=null; defined in BeanDefinition defined in class path resource [META-INF/spring/batch-loader-module-context.xml]]
2015-06-08 16:03:11 INFO  DefaultListableBeanFactory:581 - Pre-instantiating singletons in org.springframework.beans.factory.support.DefaultListableBeanFactory@196b16f2: defining beans [org.springframework.batch.core.scope.internalStepScope,org.springframework.beans.factory.config.CustomEditorConfigurer,org.springframework.batch.core.configuration.xml.CoreNamespacePostProcessor,step1,gemfireDataLoader,customerdataReader,gemfirewriter,jobRepository,jobLauncher,gemfireJobLauncher,gemfireCache,Customer,gemfirePool,org.springframework.beans.factory.config.PropertyPlaceholderConfigurer#0,org.springframework.context.annotation.internalConfigurationAnnotationProcessor,org.springframework.context.annotation.internalAutowiredAnnotationProcessor,org.springframework.context.annotation.internalRequiredAnnotationProcessor,org.springframework.context.annotation.internalCommonAnnotationProcessor,dataSource,transactionManager,batchResources,org.springframework.context.annotation.ConfigurationClassPostProcessor$ImportAwareBeanPostProcessor#0,scopedTarget.customerdataReader]; root of factory hierarchy
2015-06-08 16:03:12 INFO  ClientCacheFactoryBean:319 - Connected to Distributed System [=INTGMUNINVL1C(:loner):55833:922cbbd2@INTGMUNINVL1C.corp.emc.com]
2015-06-08 16:03:12 INFO  ClientCacheFactoryBean:322 - Created GemFire v.7.0 Cache []
2015-06-08 16:03:12 INFO  ClientRegionFactoryBean:186 - Created new cache region [Customer]
2015-06-08 16:03:12 INFO  DriverManagerDataSource:153 - Loaded JDBC driver: com.mysql.jdbc.Driver
2015-06-08 16:03:12 INFO  SimpleJobLauncher:179 - No TaskExecutor has been set, defaulting to synchronous executor.
2015-06-08 16:03:13 INFO  SimpleJobLauncher:118 - Job: [FlowJob: [name=gemfireDataLoader]] launched with the following parameters: [{time=1433759592603, gemfiredata.file.name=classpath:/gemfire-sample-data.txt}]
2015-06-08 16:03:13 INFO  SimpleStepHandler:133 - Executing step: [step1]
2015-06-08 16:03:16 INFO  SimpleJobLauncher:121 - Job: [FlowJob: [name=gemfireDataLoader]] completed with the following parameters: [{time=1433759592603, gemfiredata.file.name=classpath:/gemfire-sample-data.txt}] and the following status: [COMPLETED]
2015-06-08 16:03:16 INFO  LoaderMain:23 - End time : 1433759596401 
2015-06-08 16:03:16 INFO  LoaderMain:24 - TIME TAKEN FOR DATA LOADER = 6 
2015-06-08 16:05:35 INFO  LoaderMain:13 - **********************LOADER APPLICATION STARTED*********************
2015-06-08 16:05:35 INFO  LoaderMain:15 - Start time : 1433759735954 
2015-06-08 16:05:36 INFO  ClassPathXmlApplicationContext:500 - Refreshing org.springframework.context.support.ClassPathXmlApplicationContext@e66db21: startup date [Mon Jun 08 16:05:36 IST 2015]; root of context hierarchy
2015-06-08 16:05:36 INFO  XmlBeanDefinitionReader:315 - Loading XML bean definitions from class path resource [META-INF/spring/launch-context.xml]
2015-06-08 16:05:36 INFO  XmlBeanDefinitionReader:315 - Loading XML bean definitions from class path resource [META-INF/spring/batch-loader-module-context.xml]
2015-06-08 16:05:36 INFO  DefaultListableBeanFactory:647 - Overriding bean definition for bean 'gemfireDataLoader': replacing [Generic bean: class [org.springframework.batch.core.configuration.xml.SimpleFlowFactoryBean]; scope=; abstract=false; lazyInit=false; autowireMode=0; dependencyCheck=0; autowireCandidate=true; primary=false; factoryBeanName=null; factoryMethodName=null; initMethodName=null; destroyMethodName=null] with [Generic bean: class [org.springframework.batch.core.configuration.xml.JobParserJobFactoryBean]; scope=; abstract=false; lazyInit=false; autowireMode=0; dependencyCheck=0; autowireCandidate=true; primary=false; factoryBeanName=null; factoryMethodName=null; initMethodName=null; destroyMethodName=null]
2015-06-08 16:05:36 INFO  XmlBeanDefinitionReader:315 - Loading XML bean definitions from class path resource [META-INF/spring/client-cache-config.xml]
2015-06-08 16:05:36 INFO  PropertyPlaceholderConfigurer:177 - Loading properties file from class path resource [batch.properties]
2015-06-08 16:05:36 INFO  PropertyPlaceholderConfigurer:177 - Loading properties file from class path resource [gemfire-config.properties]
2015-06-08 16:05:36 INFO  DefaultListableBeanFactory:647 - Overriding bean definition for bean 'customerdataReader': replacing [Generic bean: class [org.springframework.batch.item.file.FlatFileItemReader]; scope=step; abstract=false; lazyInit=false; autowireMode=0; dependencyCheck=0; autowireCandidate=false; primary=false; factoryBeanName=null; factoryMethodName=null; initMethodName=null; destroyMethodName=null; defined in class path resource [META-INF/spring/batch-loader-module-context.xml]] with [Root bean: class [org.springframework.aop.scope.ScopedProxyFactoryBean]; scope=; abstract=false; lazyInit=false; autowireMode=0; dependencyCheck=0; autowireCandidate=true; primary=false; factoryBeanName=null; factoryMethodName=null; initMethodName=null; destroyMethodName=null; defined in BeanDefinition defined in class path resource [META-INF/spring/batch-loader-module-context.xml]]
2015-06-08 16:05:36 INFO  DefaultListableBeanFactory:581 - Pre-instantiating singletons in org.springframework.beans.factory.support.DefaultListableBeanFactory@196b16f2: defining beans [org.springframework.batch.core.scope.internalStepScope,org.springframework.beans.factory.config.CustomEditorConfigurer,org.springframework.batch.core.configuration.xml.CoreNamespacePostProcessor,step1,gemfireDataLoader,customerdataReader,gemfirewriter,jobRepository,jobLauncher,gemfireJobLauncher,gemfireCache,Customer,gemfirePool,org.springframework.beans.factory.config.PropertyPlaceholderConfigurer#0,org.springframework.context.annotation.internalConfigurationAnnotationProcessor,org.springframework.context.annotation.internalAutowiredAnnotationProcessor,org.springframework.context.annotation.internalRequiredAnnotationProcessor,org.springframework.context.annotation.internalCommonAnnotationProcessor,dataSource,transactionManager,batchResources,org.springframework.context.annotation.ConfigurationClassPostProcessor$ImportAwareBeanPostProcessor#0,scopedTarget.customerdataReader]; root of factory hierarchy
2015-06-08 16:05:37 INFO  ClientCacheFactoryBean:319 - Connected to Distributed System [=INTGMUNINVL1C(:loner):54571:ab65bdd2@INTGMUNINVL1C.corp.emc.com]
2015-06-08 16:05:37 INFO  ClientCacheFactoryBean:322 - Created GemFire v.7.0 Cache []
2015-06-08 16:05:37 INFO  ClientRegionFactoryBean:186 - Created new cache region [Customer]
2015-06-08 16:05:37 INFO  DriverManagerDataSource:153 - Loaded JDBC driver: com.mysql.jdbc.Driver
2015-06-08 16:05:38 INFO  SimpleJobLauncher:179 - No TaskExecutor has been set, defaulting to synchronous executor.
2015-06-08 16:05:38 INFO  SimpleJobLauncher:118 - Job: [FlowJob: [name=gemfireDataLoader]] launched with the following parameters: [{time=1433759738113, gemfiredata.file.name=classpath:/gemfire-sample-data.txt}]
2015-06-08 16:05:38 INFO  SimpleStepHandler:133 - Executing step: [step1]
2015-06-08 16:05:41 INFO  SimpleJobLauncher:121 - Job: [FlowJob: [name=gemfireDataLoader]] completed with the following parameters: [{time=1433759738113, gemfiredata.file.name=classpath:/gemfire-sample-data.txt}] and the following status: [COMPLETED]
2015-06-08 16:05:41 INFO  LoaderMain:23 - End time : 1433759741849 
2015-06-08 16:05:41 INFO  LoaderMain:24 - TIME TAKEN FOR DATA LOADER = 5 
2015-06-08 16:05:49 INFO  LoaderMain:13 - **********************LOADER APPLICATION STARTED*********************
2015-06-08 16:05:49 INFO  LoaderMain:15 - Start time : 1433759749163 
2015-06-08 16:05:49 INFO  ClassPathXmlApplicationContext:500 - Refreshing org.springframework.context.support.ClassPathXmlApplicationContext@2bc5aea: startup date [Mon Jun 08 16:05:49 IST 2015]; root of context hierarchy
2015-06-08 16:05:49 INFO  XmlBeanDefinitionReader:315 - Loading XML bean definitions from class path resource [META-INF/spring/launch-context.xml]
2015-06-08 16:05:49 INFO  XmlBeanDefinitionReader:315 - Loading XML bean definitions from class path resource [META-INF/spring/batch-loader-module-context.xml]
2015-06-08 16:05:49 INFO  DefaultListableBeanFactory:647 - Overriding bean definition for bean 'gemfireDataLoader': replacing [Generic bean: class [org.springframework.batch.core.configuration.xml.SimpleFlowFactoryBean]; scope=; abstract=false; lazyInit=false; autowireMode=0; dependencyCheck=0; autowireCandidate=true; primary=false; factoryBeanName=null; factoryMethodName=null; initMethodName=null; destroyMethodName=null] with [Generic bean: class [org.springframework.batch.core.configuration.xml.JobParserJobFactoryBean]; scope=; abstract=false; lazyInit=false; autowireMode=0; dependencyCheck=0; autowireCandidate=true; primary=false; factoryBeanName=null; factoryMethodName=null; initMethodName=null; destroyMethodName=null]
2015-06-08 16:05:49 INFO  XmlBeanDefinitionReader:315 - Loading XML bean definitions from class path resource [META-INF/spring/client-cache-config.xml]
2015-06-08 16:05:50 INFO  PropertyPlaceholderConfigurer:177 - Loading properties file from class path resource [batch.properties]
2015-06-08 16:05:50 INFO  PropertyPlaceholderConfigurer:177 - Loading properties file from class path resource [gemfire-config.properties]
2015-06-08 16:05:50 INFO  DefaultListableBeanFactory:647 - Overriding bean definition for bean 'customerdataReader': replacing [Generic bean: class [org.springframework.batch.item.file.FlatFileItemReader]; scope=step; abstract=false; lazyInit=false; autowireMode=0; dependencyCheck=0; autowireCandidate=false; primary=false; factoryBeanName=null; factoryMethodName=null; initMethodName=null; destroyMethodName=null; defined in class path resource [META-INF/spring/batch-loader-module-context.xml]] with [Root bean: class [org.springframework.aop.scope.ScopedProxyFactoryBean]; scope=; abstract=false; lazyInit=false; autowireMode=0; dependencyCheck=0; autowireCandidate=true; primary=false; factoryBeanName=null; factoryMethodName=null; initMethodName=null; destroyMethodName=null; defined in BeanDefinition defined in class path resource [META-INF/spring/batch-loader-module-context.xml]]
2015-06-08 16:05:50 INFO  DefaultListableBeanFactory:581 - Pre-instantiating singletons in org.springframework.beans.factory.support.DefaultListableBeanFactory@196b16f2: defining beans [org.springframework.batch.core.scope.internalStepScope,org.springframework.beans.factory.config.CustomEditorConfigurer,org.springframework.batch.core.configuration.xml.CoreNamespacePostProcessor,step1,gemfireDataLoader,customerdataReader,gemfirewriter,jobRepository,jobLauncher,gemfireJobLauncher,gemfireCache,Customer,gemfirePool,org.springframework.beans.factory.config.PropertyPlaceholderConfigurer#0,org.springframework.context.annotation.internalConfigurationAnnotationProcessor,org.springframework.context.annotation.internalAutowiredAnnotationProcessor,org.springframework.context.annotation.internalRequiredAnnotationProcessor,org.springframework.context.annotation.internalCommonAnnotationProcessor,dataSource,transactionManager,batchResources,org.springframework.context.annotation.ConfigurationClassPostProcessor$ImportAwareBeanPostProcessor#0,scopedTarget.customerdataReader]; root of factory hierarchy
2015-06-08 16:05:50 INFO  ClientCacheFactoryBean:319 - Connected to Distributed System [=INTGMUNINVL1C(:loner):54695:2999bdd2@INTGMUNINVL1C.corp.emc.com]
2015-06-08 16:05:50 INFO  ClientCacheFactoryBean:322 - Created GemFire v.7.0 Cache []
2015-06-08 16:05:50 INFO  ClientRegionFactoryBean:186 - Created new cache region [Customer]
2015-06-08 16:05:50 INFO  DriverManagerDataSource:153 - Loaded JDBC driver: com.mysql.jdbc.Driver
2015-06-08 16:05:51 INFO  SimpleJobLauncher:179 - No TaskExecutor has been set, defaulting to synchronous executor.
2015-06-08 16:05:51 INFO  SimpleJobLauncher:118 - Job: [FlowJob: [name=gemfireDataLoader]] launched with the following parameters: [{time=1433759751147, gemfiredata.file.name=classpath:/gemfire-sample-data.txt}]
2015-06-08 16:05:51 INFO  SimpleStepHandler:133 - Executing step: [step1]
2015-06-08 16:05:54 INFO  SimpleJobLauncher:121 - Job: [FlowJob: [name=gemfireDataLoader]] completed with the following parameters: [{time=1433759751147, gemfiredata.file.name=classpath:/gemfire-sample-data.txt}] and the following status: [COMPLETED]
2015-06-08 16:05:54 INFO  LoaderMain:23 - End time : 1433759754705 
2015-06-08 16:05:54 INFO  LoaderMain:24 - TIME TAKEN FOR DATA LOADER = 5 
2015-06-09 12:09:17 INFO  LoaderMain:13 - **********************LOADER APPLICATION STARTED*********************
2015-06-09 12:09:17 INFO  LoaderMain:15 - Start time : 1433831957525 
2015-06-09 12:09:17 INFO  ClassPathXmlApplicationContext:500 - Refreshing org.springframework.context.support.ClassPathXmlApplicationContext@51ba0fda: startup date [Tue Jun 09 12:09:17 IST 2015]; root of context hierarchy
2015-06-09 12:09:17 INFO  XmlBeanDefinitionReader:315 - Loading XML bean definitions from class path resource [META-INF/spring/launch-context.xml]
2015-06-09 12:09:18 INFO  XmlBeanDefinitionReader:315 - Loading XML bean definitions from class path resource [META-INF/spring/batch-loader-module-context.xml]
2015-06-09 12:09:18 INFO  DefaultListableBeanFactory:647 - Overriding bean definition for bean 'gemfireDataLoader': replacing [Generic bean: class [org.springframework.batch.core.configuration.xml.SimpleFlowFactoryBean]; scope=; abstract=false; lazyInit=false; autowireMode=0; dependencyCheck=0; autowireCandidate=true; primary=false; factoryBeanName=null; factoryMethodName=null; initMethodName=null; destroyMethodName=null] with [Generic bean: class [org.springframework.batch.core.configuration.xml.JobParserJobFactoryBean]; scope=; abstract=false; lazyInit=false; autowireMode=0; dependencyCheck=0; autowireCandidate=true; primary=false; factoryBeanName=null; factoryMethodName=null; initMethodName=null; destroyMethodName=null]
2015-06-09 12:09:18 INFO  XmlBeanDefinitionReader:315 - Loading XML bean definitions from class path resource [META-INF/spring/client-cache-config.xml]
2015-06-09 12:09:19 INFO  PropertyPlaceholderConfigurer:177 - Loading properties file from class path resource [batch.properties]
2015-06-09 12:09:19 INFO  PropertyPlaceholderConfigurer:177 - Loading properties file from class path resource [gemfire-config.properties]
2015-06-09 12:09:19 INFO  DefaultListableBeanFactory:647 - Overriding bean definition for bean 'customerdataReader': replacing [Generic bean: class [org.springframework.batch.item.file.FlatFileItemReader]; scope=step; abstract=false; lazyInit=false; autowireMode=0; dependencyCheck=0; autowireCandidate=false; primary=false; factoryBeanName=null; factoryMethodName=null; initMethodName=null; destroyMethodName=null; defined in class path resource [META-INF/spring/batch-loader-module-context.xml]] with [Root bean: class [org.springframework.aop.scope.ScopedProxyFactoryBean]; scope=; abstract=false; lazyInit=false; autowireMode=0; dependencyCheck=0; autowireCandidate=true; primary=false; factoryBeanName=null; factoryMethodName=null; initMethodName=null; destroyMethodName=null; defined in BeanDefinition defined in class path resource [META-INF/spring/batch-loader-module-context.xml]]
2015-06-09 12:09:19 INFO  DefaultListableBeanFactory:581 - Pre-instantiating singletons in org.springframework.beans.factory.support.DefaultListableBeanFactory@2a75b6f: defining beans [org.springframework.batch.core.scope.internalStepScope,org.springframework.beans.factory.config.CustomEditorConfigurer,org.springframework.batch.core.configuration.xml.CoreNamespacePostProcessor,step1,gemfireDataLoader,customerdataReader,gemfirewriter,jobRepository,jobLauncher,gemfireJobLauncher,gemfireCache,Customer,gemfirePool,org.springframework.beans.factory.config.PropertyPlaceholderConfigurer#0,org.springframework.context.annotation.internalConfigurationAnnotationProcessor,org.springframework.context.annotation.internalAutowiredAnnotationProcessor,org.springframework.context.annotation.internalRequiredAnnotationProcessor,org.springframework.context.annotation.internalCommonAnnotationProcessor,dataSource,transactionManager,batchResources,org.springframework.context.annotation.ConfigurationClassPostProcessor$ImportAwareBeanPostProcessor#0,scopedTarget.customerdataReader]; root of factory hierarchy
2015-06-09 12:09:24 INFO  ClientCacheFactoryBean:319 - Connected to Distributed System [=INTGMUNINVL1C(:loner):0:127c0bd7@INTGMUNINVL1C.corp.emc.com]
2015-06-09 12:09:24 INFO  ClientCacheFactoryBean:322 - Created GemFire v.7.0 Cache []
2015-06-09 12:09:25 INFO  ClientRegionFactoryBean:186 - Created new cache region [Customer]
2015-06-09 12:09:25 INFO  DriverManagerDataSource:153 - Loaded JDBC driver: com.mysql.jdbc.Driver
2015-06-09 12:09:25 INFO  SimpleJobLauncher:179 - No TaskExecutor has been set, defaulting to synchronous executor.
2015-06-09 12:09:26 INFO  SimpleJobLauncher:118 - Job: [FlowJob: [name=gemfireDataLoader]] launched with the following parameters: [{time=1433831965833, gemfiredata.file.name=classpath:/gemfire-sample-data.txt}]
2015-06-09 12:09:26 INFO  SimpleStepHandler:133 - Executing step: [step1]
2015-06-09 12:09:28 ERROR AbstractStep:212 - Encountered an error executing the step
com.gemstone.gemfire.cache.client.NoAvailableLocatorsException: Unable to connect to any locators in the list [liacs169.lss.emc.com/10.63.39.169:41111]
	at com.gemstone.gemfire.cache.client.internal.AutoConnectionSourceImpl.findServer(AutoConnectionSourceImpl.java:132)
	at com.gemstone.gemfire.cache.client.internal.ConnectionFactoryImpl.createClientToServerConnection(ConnectionFactoryImpl.java:194)
	at com.gemstone.gemfire.cache.client.internal.pooling.ConnectionManagerImpl.borrowConnection(ConnectionManagerImpl.java:213)
	at com.gemstone.gemfire.cache.client.internal.OpExecutorImpl.execute(OpExecutorImpl.java:135)
	at com.gemstone.gemfire.cache.client.internal.OpExecutorImpl.execute(OpExecutorImpl.java:114)
	at com.gemstone.gemfire.cache.client.internal.PoolImpl.execute(PoolImpl.java:638)
	at com.gemstone.gemfire.cache.client.internal.PutOp.execute(PutOp.java:95)
	at com.gemstone.gemfire.cache.client.internal.ServerRegionProxy.put(ServerRegionProxy.java:189)
	at com.gemstone.gemfire.internal.cache.LocalRegion.serverPut(LocalRegion.java:2967)
	at com.gemstone.gemfire.internal.cache.LocalRegion.cacheWriteBeforePut(LocalRegion.java:3106)
	at com.gemstone.gemfire.internal.cache.AbstractRegionMap.basicPut(AbstractRegionMap.java:2996)
	at com.gemstone.gemfire.internal.cache.LocalRegion.virtualPut(LocalRegion.java:5541)
	at com.gemstone.gemfire.internal.cache.LocalRegionDataView.putEntry(LocalRegionDataView.java:106)
	at com.gemstone.gemfire.internal.cache.LocalRegion.basicPut(LocalRegion.java:4973)
	at com.gemstone.gemfire.internal.cache.LocalRegion.validatedPut(LocalRegion.java:1709)
	at com.gemstone.gemfire.internal.cache.LocalRegion.put(LocalRegion.java:1691)
	at com.gemstone.gemfire.internal.cache.AbstractRegion.put(AbstractRegion.java:284)
	at com.emc.gemfiresolr.batchapp.GemfireDataLoaderWritter.write(GemfireDataLoaderWritter.java:17)
	at org.springframework.batch.core.step.item.SimpleChunkProcessor.writeItems(SimpleChunkProcessor.java:171)
	at org.springframework.batch.core.step.item.SimpleChunkProcessor.doWrite(SimpleChunkProcessor.java:150)
	at org.springframework.batch.core.step.item.SimpleChunkProcessor.write(SimpleChunkProcessor.java:268)
	at org.springframework.batch.core.step.item.SimpleChunkProcessor.process(SimpleChunkProcessor.java:194)
	at org.springframework.batch.core.step.item.ChunkOrientedTasklet.execute(ChunkOrientedTasklet.java:74)
	at org.springframework.batch.core.step.tasklet.TaskletStep$ChunkTransactionCallback.doInTransaction(TaskletStep.java:386)
	at org.springframework.transaction.support.TransactionTemplate.execute(TransactionTemplate.java:130)
	at org.springframework.batch.core.step.tasklet.TaskletStep$2.doInChunkContext(TaskletStep.java:264)
	at org.springframework.batch.core.scope.context.StepContextRepeatCallback.doInIteration(StepContextRepeatCallback.java:76)
	at org.springframework.batch.repeat.support.RepeatTemplate.getNextResult(RepeatTemplate.java:367)
	at org.springframework.batch.repeat.support.RepeatTemplate.executeInternal(RepeatTemplate.java:214)
	at org.springframework.batch.repeat.support.RepeatTemplate.iterate(RepeatTemplate.java:143)
	at org.springframework.batch.core.step.tasklet.TaskletStep.doExecute(TaskletStep.java:250)
	at org.springframework.batch.core.step.AbstractStep.execute(AbstractStep.java:195)
	at org.springframework.batch.core.job.SimpleStepHandler.handleStep(SimpleStepHandler.java:135)
	at org.springframework.batch.core.job.flow.JobFlowExecutor.executeStep(JobFlowExecutor.java:61)
	at org.springframework.batch.core.job.flow.support.state.StepState.handle(StepState.java:60)
	at org.springframework.batch.core.job.flow.support.SimpleFlow.resume(SimpleFlow.java:144)
	at org.springframework.batch.core.job.flow.support.SimpleFlow.start(SimpleFlow.java:124)
	at org.springframework.batch.core.job.flow.FlowJob.doExecute(FlowJob.java:135)
	at org.springframework.batch.core.job.AbstractJob.execute(AbstractJob.java:281)
	at org.springframework.batch.core.launch.support.SimpleJobLauncher$1.run(SimpleJobLauncher.java:120)
	at org.springframework.core.task.SyncTaskExecutor.execute(SyncTaskExecutor.java:48)
	at org.springframework.batch.core.launch.support.SimpleJobLauncher.run(SimpleJobLauncher.java:114)
	at com.emc.gemfiresolr.batchapp.GemfireLoaderJobLauncher.runJob(GemfireLoaderJobLauncher.java:33)
	at com.emc.gemfiresolr.batchapp.LoaderMain.main(LoaderMain.java:21)
2015-06-09 12:09:28 INFO  SimpleJobLauncher:121 - Job: [FlowJob: [name=gemfireDataLoader]] completed with the following parameters: [{time=1433831965833, gemfiredata.file.name=classpath:/gemfire-sample-data.txt}] and the following status: [FAILED]
2015-06-09 12:09:28 INFO  LoaderMain:23 - End time : 1433831968323 
2015-06-09 12:09:28 INFO  LoaderMain:24 - TIME TAKEN FOR DATA LOADER IN SECONDS = 10 
2015-06-09 12:12:20 INFO  LoaderMain:13 - **********************LOADER APPLICATION STARTED*********************
2015-06-09 12:12:20 INFO  LoaderMain:15 - Start time : 1433832140619 
2015-06-09 12:12:20 INFO  ClassPathXmlApplicationContext:500 - Refreshing org.springframework.context.support.ClassPathXmlApplicationContext@51ba0fda: startup date [Tue Jun 09 12:12:20 IST 2015]; root of context hierarchy
2015-06-09 12:12:20 INFO  XmlBeanDefinitionReader:315 - Loading XML bean definitions from class path resource [META-INF/spring/launch-context.xml]
2015-06-09 12:12:21 INFO  XmlBeanDefinitionReader:315 - Loading XML bean definitions from class path resource [META-INF/spring/batch-loader-module-context.xml]
2015-06-09 12:12:21 INFO  DefaultListableBeanFactory:647 - Overriding bean definition for bean 'gemfireDataLoader': replacing [Generic bean: class [org.springframework.batch.core.configuration.xml.SimpleFlowFactoryBean]; scope=; abstract=false; lazyInit=false; autowireMode=0; dependencyCheck=0; autowireCandidate=true; primary=false; factoryBeanName=null; factoryMethodName=null; initMethodName=null; destroyMethodName=null] with [Generic bean: class [org.springframework.batch.core.configuration.xml.JobParserJobFactoryBean]; scope=; abstract=false; lazyInit=false; autowireMode=0; dependencyCheck=0; autowireCandidate=true; primary=false; factoryBeanName=null; factoryMethodName=null; initMethodName=null; destroyMethodName=null]
2015-06-09 12:12:21 INFO  XmlBeanDefinitionReader:315 - Loading XML bean definitions from class path resource [META-INF/spring/client-cache-config.xml]
2015-06-09 12:12:21 INFO  PropertyPlaceholderConfigurer:177 - Loading properties file from class path resource [batch.properties]
2015-06-09 12:12:21 INFO  PropertyPlaceholderConfigurer:177 - Loading properties file from class path resource [gemfire-config.properties]
2015-06-09 12:12:21 INFO  DefaultListableBeanFactory:647 - Overriding bean definition for bean 'customerdataReader': replacing [Generic bean: class [org.springframework.batch.item.file.FlatFileItemReader]; scope=step; abstract=false; lazyInit=false; autowireMode=0; dependencyCheck=0; autowireCandidate=false; primary=false; factoryBeanName=null; factoryMethodName=null; initMethodName=null; destroyMethodName=null; defined in class path resource [META-INF/spring/batch-loader-module-context.xml]] with [Root bean: class [org.springframework.aop.scope.ScopedProxyFactoryBean]; scope=; abstract=false; lazyInit=false; autowireMode=0; dependencyCheck=0; autowireCandidate=true; primary=false; factoryBeanName=null; factoryMethodName=null; initMethodName=null; destroyMethodName=null; defined in BeanDefinition defined in class path resource [META-INF/spring/batch-loader-module-context.xml]]
2015-06-09 12:12:21 INFO  DefaultListableBeanFactory:581 - Pre-instantiating singletons in org.springframework.beans.factory.support.DefaultListableBeanFactory@496795f2: defining beans [org.springframework.batch.core.scope.internalStepScope,org.springframework.beans.factory.config.CustomEditorConfigurer,org.springframework.batch.core.configuration.xml.CoreNamespacePostProcessor,step1,gemfireDataLoader,customerdataReader,gemfirewriter,jobRepository,jobLauncher,gemfireJobLauncher,gemfireCache,Customer,gemfirePool,org.springframework.beans.factory.config.PropertyPlaceholderConfigurer#0,org.springframework.context.annotation.internalConfigurationAnnotationProcessor,org.springframework.context.annotation.internalAutowiredAnnotationProcessor,org.springframework.context.annotation.internalRequiredAnnotationProcessor,org.springframework.context.annotation.internalCommonAnnotationProcessor,dataSource,transactionManager,batchResources,org.springframework.context.annotation.ConfigurationClassPostProcessor$ImportAwareBeanPostProcessor#0,scopedTarget.customerdataReader]; root of factory hierarchy
2015-06-09 12:12:23 INFO  ClientCacheFactoryBean:319 - Connected to Distributed System [=INTGMUNINVL1C(:loner):62436:92360ed7@INTGMUNINVL1C.corp.emc.com]
2015-06-09 12:12:23 INFO  ClientCacheFactoryBean:322 - Created GemFire v.7.0 Cache []
2015-06-09 12:12:23 INFO  ClientRegionFactoryBean:186 - Created new cache region [Customer]
2015-06-09 12:12:23 INFO  DriverManagerDataSource:153 - Loaded JDBC driver: com.mysql.jdbc.Driver
2015-06-09 12:12:23 INFO  SimpleJobLauncher:179 - No TaskExecutor has been set, defaulting to synchronous executor.
2015-06-09 12:12:24 INFO  SimpleJobLauncher:118 - Job: [FlowJob: [name=gemfireDataLoader]] launched with the following parameters: [{time=1433832143677, gemfiredata.file.name=classpath:/gemfire-sample-data.txt}]
2015-06-09 12:12:24 INFO  SimpleStepHandler:133 - Executing step: [step1]
2015-06-09 12:12:29 INFO  SimpleJobLauncher:121 - Job: [FlowJob: [name=gemfireDataLoader]] completed with the following parameters: [{time=1433832143677, gemfiredata.file.name=classpath:/gemfire-sample-data.txt}] and the following status: [COMPLETED]
2015-06-09 12:12:29 INFO  LoaderMain:23 - End time : 1433832149781 
2015-06-09 12:12:29 INFO  LoaderMain:24 - TIME TAKEN FOR DATA LOADER IN SECONDS = 9 
2015-06-10 18:00:35 INFO  LoaderMain:13 - **********************LOADER APPLICATION STARTED*********************
2015-06-10 18:00:35 INFO  LoaderMain:15 - Start time : 1433939435458 
2015-06-10 18:00:35 INFO  ClassPathXmlApplicationContext:500 - Refreshing org.springframework.context.support.ClassPathXmlApplicationContext@6c9cce54: startup date [Wed Jun 10 18:00:35 IST 2015]; root of context hierarchy
2015-06-10 18:00:35 INFO  XmlBeanDefinitionReader:315 - Loading XML bean definitions from class path resource [META-INF/spring/launch-context.xml]
2015-06-10 18:00:35 INFO  XmlBeanDefinitionReader:315 - Loading XML bean definitions from class path resource [META-INF/spring/batch-loader-module-context.xml]
2015-06-10 18:00:36 INFO  DefaultListableBeanFactory:647 - Overriding bean definition for bean 'gemfireDataLoader': replacing [Generic bean: class [org.springframework.batch.core.configuration.xml.SimpleFlowFactoryBean]; scope=; abstract=false; lazyInit=false; autowireMode=0; dependencyCheck=0; autowireCandidate=true; primary=false; factoryBeanName=null; factoryMethodName=null; initMethodName=null; destroyMethodName=null] with [Generic bean: class [org.springframework.batch.core.configuration.xml.JobParserJobFactoryBean]; scope=; abstract=false; lazyInit=false; autowireMode=0; dependencyCheck=0; autowireCandidate=true; primary=false; factoryBeanName=null; factoryMethodName=null; initMethodName=null; destroyMethodName=null]
2015-06-10 18:00:36 INFO  XmlBeanDefinitionReader:315 - Loading XML bean definitions from class path resource [META-INF/spring/client-cache-config.xml]
2015-06-10 18:00:36 INFO  PropertyPlaceholderConfigurer:177 - Loading properties file from class path resource [batch.properties]
2015-06-10 18:00:36 INFO  PropertyPlaceholderConfigurer:177 - Loading properties file from class path resource [gemfire-config.properties]
2015-06-10 18:00:36 INFO  DefaultListableBeanFactory:647 - Overriding bean definition for bean 'customerdataReader': replacing [Generic bean: class [org.springframework.batch.item.file.FlatFileItemReader]; scope=step; abstract=false; lazyInit=false; autowireMode=0; dependencyCheck=0; autowireCandidate=false; primary=false; factoryBeanName=null; factoryMethodName=null; initMethodName=null; destroyMethodName=null; defined in class path resource [META-INF/spring/batch-loader-module-context.xml]] with [Root bean: class [org.springframework.aop.scope.ScopedProxyFactoryBean]; scope=; abstract=false; lazyInit=false; autowireMode=0; dependencyCheck=0; autowireCandidate=true; primary=false; factoryBeanName=null; factoryMethodName=null; initMethodName=null; destroyMethodName=null; defined in BeanDefinition defined in class path resource [META-INF/spring/batch-loader-module-context.xml]]
2015-06-10 18:00:36 INFO  DefaultListableBeanFactory:581 - Pre-instantiating singletons in org.springframework.beans.factory.support.DefaultListableBeanFactory@677b5466: defining beans [org.springframework.batch.core.scope.internalStepScope,org.springframework.beans.factory.config.CustomEditorConfigurer,org.springframework.batch.core.configuration.xml.CoreNamespacePostProcessor,step1,gemfireDataLoader,customerdataReader,gemfirewriter,jobRepository,jobLauncher,gemfireJobLauncher,gemfireCache,Customer,gemfirePool,org.springframework.beans.factory.config.PropertyPlaceholderConfigurer#0,org.springframework.context.annotation.internalConfigurationAnnotationProcessor,org.springframework.context.annotation.internalAutowiredAnnotationProcessor,org.springframework.context.annotation.internalRequiredAnnotationProcessor,org.springframework.context.annotation.internalCommonAnnotationProcessor,dataSource,transactionManager,batchResources,org.springframework.context.annotation.ConfigurationClassPostProcessor$ImportAwareBeanPostProcessor#0,scopedTarget.customerdataReader]; root of factory hierarchy
2015-06-10 18:00:37 INFO  ClientCacheFactoryBean:319 - Connected to Distributed System [=INTGMUNINVL1C(:loner):63007:a36573dd@INTGMUNINVL1C.corp.emc.com]
2015-06-10 18:00:37 INFO  ClientCacheFactoryBean:322 - Created GemFire v.7.0 Cache []
2015-06-10 18:00:37 INFO  ClientRegionFactoryBean:186 - Created new cache region [Customer]
2015-06-10 18:00:37 INFO  DriverManagerDataSource:153 - Loaded JDBC driver: com.mysql.jdbc.Driver
2015-06-10 18:00:37 INFO  SimpleJobLauncher:179 - No TaskExecutor has been set, defaulting to synchronous executor.
2015-06-10 18:00:38 INFO  SimpleJobLauncher:118 - Job: [FlowJob: [name=gemfireDataLoader]] launched with the following parameters: [{time=1433939437903, gemfiredata.file.name=classpath:/gemfire-sample-data.txt}]
2015-06-10 18:00:38 INFO  SimpleStepHandler:133 - Executing step: [step1]
2015-06-10 18:00:41 INFO  SimpleJobLauncher:121 - Job: [FlowJob: [name=gemfireDataLoader]] completed with the following parameters: [{time=1433939437903, gemfiredata.file.name=classpath:/gemfire-sample-data.txt}] and the following status: [COMPLETED]
2015-06-10 18:00:41 INFO  LoaderMain:23 - End time : 1433939441405 
2015-06-10 18:00:41 INFO  LoaderMain:24 - TIME TAKEN FOR DATA LOADER IN SECONDS = 5 
